#
# A fatal error has been detected by the Java Runtime Environment:
#
#  EXCEPTION_ACCESS_VIOLATION (0xc0000005) at pc=0x00007fffb0c94546, pid=6916, tid=9052
#
# JRE version: OpenJDK Runtime Environment (11.0.15) (build 11.0.15+0-b2043.56-9505619)
# Java VM: OpenJDK 64-Bit Server VM (11.0.15+0-b2043.56-9505619, mixed mode, tiered, compressed oops, g1 gc, windows-amd64)
# Problematic frame:
# V  [jvm.dll+0x514546]
#
# No core dump will be written. Minidumps are not enabled by default on client versions of Windows
#
# If you would like to submit a bug report, please visit:
#   https://bugreport.java.com/bugreport/crash.jsp
#

---------------  S U M M A R Y ------------

Command Line: --add-opens=java.base/java.util=ALL-UNNAMED --add-opens=java.base/java.lang=ALL-UNNAMED --add-opens=java.base/java.lang.invoke=ALL-UNNAMED --add-opens=java.base/java.util=ALL-UNNAMED --add-opens=java.prefs/java.util.prefs=ALL-UNNAMED --add-opens=java.prefs/java.util.prefs=ALL-UNNAMED --add-opens=java.base/java.nio.charset=ALL-UNNAMED --add-opens=java.base/java.net=ALL-UNNAMED --add-opens=java.base/java.util.concurrent.atomic=ALL-UNNAMED -Xmx2048m -Dfile.encoding=UTF-8 -Duser.country=IN -Duser.language=en -Duser.variant org.gradle.launcher.daemon.bootstrap.GradleDaemon 7.5

Host: Intel(R) Core(TM) i3-2328M CPU @ 2.20GHz, 4 cores, 5G,  Windows 10 , 64 bit Build 19041 (10.0.19041.2788)
Time: Wed Apr 26 22:47:51 2023 Pacific Daylight Time elapsed time: 9.972281 seconds (0d 0h 0m 9s)

---------------  T H R E A D  ---------------

Current thread (0x000001b585b74800):  JavaThread "C2 CompilerThread1" daemon [_thread_in_native, id=9052, stack(0x000000308f200000,0x000000308f300000)]


Current CompileTask:
C2:   9972 2059       4       java.net.URLClassLoader$1::run (5 bytes)

Stack: [0x000000308f200000,0x000000308f300000],  sp=0x000000308f2fb870,  free space=1006k
Native frames: (J=compiled Java code, j=interpreted, Vv=VM code, C=native code)
V  [jvm.dll+0x514546]
V  [jvm.dll+0x342347]
V  [jvm.dll+0x34186a]
V  [jvm.dll+0x2214bd]
V  [jvm.dll+0x220498]
V  [jvm.dll+0x19e851]
V  [jvm.dll+0x230479]
V  [jvm.dll+0x22e5ef]
V  [jvm.dll+0x794de1]
V  [jvm.dll+0x78dc24]
V  [jvm.dll+0x6400f6]
C  [ucrtbase.dll+0x21bb2]
C  [KERNEL32.DLL+0x17604]
C  [ntdll.dll+0x526a1]


siginfo: EXCEPTION_ACCESS_VIOLATION (0xc0000005), reading address 0x000001b185d2ebd8


Register to memory mapping:

RIP=0x00007fffb0c94546 jvm.dll
RAX=0x000001b185d2ebc8 is an unknown value
RBX=0x000001b585acfdf8 points into unknown readable memory: 0x00007fffb10249d8 | d8 49 02 b1 ff 7f 00 00
RCX=0x0 is NULL
RDX=0x000000308f2fe6e0 is pointing into the stack for thread: 0x000001b585b74800
RSP=0x000000308f2fb870 is pointing into the stack for thread: 0x000001b585b74800
RBP=0x000001b585accd30 points into unknown readable memory: 0x00007fffb10249d8 | d8 49 02 b1 ff 7f 00 00
RSI=0x00000000000000b7 is an unknown value
RDI=0x000001b5859d8cd0 points into unknown readable memory: 0x00007fffb1020560 | 60 05 02 b1 ff 7f 00 00
R8 =0x000001b584f8c550 points into unknown readable memory: 0x00007fffb10c5468 | 68 54 0c b1 ff 7f 00 00
R9 =0x0 is NULL
R10=0x0000000000000008 is an unknown value
R11=0x000001b5ec73a090 is at code_begin+-112 in 
[CodeBlob (0x000001b5ec73a090)]
Framesize: 6
UncommonTrapBlob
R12=0x000001b5859d8f10 points into unknown readable memory: 0x00007fffb0fa9800 | 00 98 fa b0 ff 7f 00 00
R13=0x000001b585acce88 points into unknown readable memory: 0x00007fffb10249d8 | d8 49 02 b1 ff 7f 00 00
R14=0x00007fffb1049a28 jvm.dll
R15=0x000001b58672ad30 points into unknown readable memory: 0x8000000900000001 | 01 00 00 00 09 00 00 80


Registers:
RAX=0x000001b185d2ebc8, RBX=0x000001b585acfdf8, RCX=0x0000000000000000, RDX=0x000000308f2fe6e0
RSP=0x000000308f2fb870, RBP=0x000001b585accd30, RSI=0x00000000000000b7, RDI=0x000001b5859d8cd0
R8 =0x000001b584f8c550, R9 =0x0000000000000000, R10=0x0000000000000008, R11=0x000001b5ec73a090
R12=0x000001b5859d8f10, R13=0x000001b585acce88, R14=0x00007fffb1049a28, R15=0x000001b58672ad30
RIP=0x00007fffb0c94546, EFLAGS=0x0000000000010246

Top of Stack: (sp=0x000000308f2fb870)
0x000000308f2fb870:   000001b585acfdf8 000001b585accd30
0x000000308f2fb880:   00000000000000b7 000001b585744ac8
0x000000308f2fb890:   000001b5858b2000 000001b5ff516f88
0x000000308f2fb8a0:   000001b585f7ab40 000001b585accd30
0x000000308f2fb8b0:   0000000000000007 000001b585b030f0
0x000000308f2fb8c0:   000001b5858b2038 0000000000000000
0x000000308f2fb8d0:   0000000000000000 0000000000000000
0x000000308f2fb8e0:   000001b58672ad30 00007fffb1049a28
0x000000308f2fb8f0:   00000000000000b9 000000308f2fba20
0x000000308f2fb900:   000001b58593b500 000001b58672ad28
0x000000308f2fb910:   000000308f2fbe20 00007fffb0ac2347
0x000000308f2fb920:   000000308f2fbe20 00000000000000b6
0x000000308f2fb930:   000001b5859d8cd0 000000308f2fbe20
0x000000308f2fb940:   000000001ffffffe 000001b586865000
0x000000308f2fb950:   0000000000002274 0000000000000020
0x000000308f2fb960:   0000000000000092 000001b5f2006496 

Instructions: (pc=0x00007fffb0c94546)
0x00007fffb0c94446:   9a 00 00 00 75 0f f3 0f 10 05 fc c3 30 00 f3 0f
0x00007fffb0c94456:   5c c6 0f 28 f0 0f 2f 35 96 06 39 00 0f 28 74 24
0x00007fffb0c94466:   60 0f 87 11 0e 00 00 33 c0 48 89 9c 24 b8 00 00
0x00007fffb0c94476:   00 49 8b 5d 40 89 44 24 44 41 8b 45 28 ff c8 48
0x00007fffb0c94486:   89 ac 24 88 00 00 00 48 8d 53 08 41 3b 45 18 73
0x00007fffb0c94496:   11 8b c8 49 8b 45 20 48 39 3c c8 75 05 48 8b c2
0x00007fffb0c944a6:   eb 06 48 8b c3 48 8b da 48 8b 1b 48 8b 28 48 8b
0x00007fffb0c944b6:   cb 48 89 6c 24 38 e8 9f 38 c1 ff 83 f8 01 75 1e
0x00007fffb0c944c6:   66 66 0f 1f 84 00 00 00 00 00 48 8b 43 40 48 8b
0x00007fffb0c944d6:   18 48 8b cb e8 81 38 c1 ff 83 f8 01 74 ec 44 8b
0x00007fffb0c944e6:   4b 28 33 d2 45 85 c9 0f 84 7b 0d 00 00 4c 8b 1d
0x00007fffb0c944f6:   ce b4 5e 00 44 8b 53 18 66 90 41 3b d2 73 0a 48
0x00007fffb0c94506:   8b 43 20 4c 8b 04 d0 eb 03 45 33 c0 41 8b 40 2c
0x00007fffb0c94516:   83 e0 1f 3c 1e 75 0d 49 8b 43 20 49 39 80 80 00
0x00007fffb0c94526:   00 00 74 0c ff c2 41 3b d1 72 cf e9 38 0d 00 00
0x00007fffb0c94536:   49 8b 40 08 48 8b 48 28 48 8b 01 ff 50 28 33 c9
0x00007fffb0c94546:   83 78 10 03 48 0f 44 c8 48 85 c9 0f 84 17 0d 00
0x00007fffb0c94556:   00 8b 48 18 3b 48 1c 0f 85 0b 0d 00 00 8b c1 f7
0x00007fffb0c94566:   d0 85 c9 79 0d 8b d0 c1 f8 03 83 e2 07 83 e0 1f
0x00007fffb0c94576:   eb 0b 8b 15 02 93 56 00 b8 09 00 00 00 8b c8 48
0x00007fffb0c94586:   63 84 24 d0 00 00 00 48 0f a3 c8 0f 83 d7 0c 00
0x00007fffb0c94596:   00 85 d2 0f 84 cf 0c 00 00 48 89 b4 24 80 00 00
0x00007fffb0c945a6:   00 33 d2 41 0f b6 f4 4c 89 7c 24 70 40 80 e6 01
0x00007fffb0c945b6:   49 83 e4 fe 40 88 74 24 20 8d 4a 20 e8 89 c8 18
0x00007fffb0c945c6:   00 48 8b d8 b8 10 00 00 00 48 85 db 74 3d 8b 15
0x00007fffb0c945d6:   0e f3 60 00 65 48 8b 0c 25 58 00 00 00 48 8b 3c
0x00007fffb0c945e6:   d1 80 3c 38 00 75 05 e8 52 0e 2f 00 ba 08 00 00
0x00007fffb0c945f6:   00 48 8b cb 48 8b 14 3a 48 8b 92 78 02 00 00 e8
0x00007fffb0c94606:   96 0e c1 ff c7 43 18 00 00 00 00 45 33 ff 33 c0
0x00007fffb0c94616:   4c 89 7c 24 28 89 44 24 40 41 39 44 24 20 0f 86
0x00007fffb0c94626:   37 0c 00 00 4c 89 74 24 78 90 8b c8 49 8b 44 24
0x00007fffb0c94636:   10 4c 8b 34 c8 41 8b 46 2c 24 03 3c 02 0f 85 fc 


Stack slot to memory mapping:
stack at sp + 0 slots: 0x000001b585acfdf8 points into unknown readable memory: 0x00007fffb10249d8 | d8 49 02 b1 ff 7f 00 00
stack at sp + 1 slots: 0x000001b585accd30 points into unknown readable memory: 0x00007fffb10249d8 | d8 49 02 b1 ff 7f 00 00
stack at sp + 2 slots: 0x00000000000000b7 is an unknown value
stack at sp + 3 slots: 0x000001b585744ac8 points into unknown readable memory: 0x00007fffb1020628 | 28 06 02 b1 ff 7f 00 00
stack at sp + 4 slots: 0x000001b5858b2000 points into unknown readable memory: 0x000001b5858b01a8 | a8 01 8b 85 b5 01 00 00
stack at sp + 5 slots: 0x000001b5ff516f88 points into unknown readable memory: 0x00007fffb0faea90 | 90 ea fa b0 ff 7f 00 00
stack at sp + 6 slots: 0x000001b585f7ab40 points into unknown readable memory: 0x00007fffb108e0e0 | e0 e0 08 b1 ff 7f 00 00
stack at sp + 7 slots: 0x000001b585accd30 points into unknown readable memory: 0x00007fffb10249d8 | d8 49 02 b1 ff 7f 00 00


---------------  P R O C E S S  ---------------

Threads class SMR info:
_java_thread_list=0x000001b585a78610, length=24, elements={
0x000001b5e8bc3000, 0x000001b5fe7ba800, 0x000001b5fe7bc000, 0x000001b5ff163800,
0x000001b5fe7d8800, 0x000001b5fe7dc800, 0x000001b5fe7df800, 0x000001b5fe7ec800,
0x000001b5fe81c000, 0x000001b5ff290000, 0x000001b584e2a000, 0x000001b585dab000,
0x000001b584692800, 0x000001b5849f9800, 0x000001b58619e800, 0x000001b584e49800,
0x000001b585868800, 0x000001b584753800, 0x000001b585342000, 0x000001b584ec3800,
0x000001b585e70800, 0x000001b585e71800, 0x000001b585e72800, 0x000001b585b74800
}

Java Threads: ( => current thread )
  0x000001b5e8bc3000 JavaThread "main" [_thread_blocked, id=12280, stack(0x000000308d100000,0x000000308d200000)]
  0x000001b5fe7ba800 JavaThread "Reference Handler" daemon [_thread_blocked, id=11828, stack(0x000000308d800000,0x000000308d900000)]
  0x000001b5fe7bc000 JavaThread "Finalizer" daemon [_thread_blocked, id=668, stack(0x000000308d900000,0x000000308da00000)]
  0x000001b5ff163800 JavaThread "Signal Dispatcher" daemon [_thread_blocked, id=12224, stack(0x000000308da00000,0x000000308db00000)]
  0x000001b5fe7d8800 JavaThread "Attach Listener" daemon [_thread_blocked, id=6508, stack(0x000000308db00000,0x000000308dc00000)]
  0x000001b5fe7dc800 JavaThread "Service Thread" daemon [_thread_blocked, id=2480, stack(0x000000308dc00000,0x000000308dd00000)]
  0x000001b5fe7df800 JavaThread "C2 CompilerThread0" daemon [_thread_in_native, id=580, stack(0x000000308dd00000,0x000000308de00000)]
  0x000001b5fe7ec800 JavaThread "C1 CompilerThread0" daemon [_thread_blocked, id=844, stack(0x000000308de00000,0x000000308df00000)]
  0x000001b5fe81c000 JavaThread "Sweeper thread" daemon [_thread_blocked, id=11416, stack(0x000000308df00000,0x000000308e000000)]
  0x000001b5ff290000 JavaThread "Common-Cleaner" daemon [_thread_blocked, id=11268, stack(0x000000308e000000,0x000000308e100000)]
  0x000001b584e2a000 JavaThread "Daemon health stats" [_thread_blocked, id=1992, stack(0x000000308e400000,0x000000308e500000)]
  0x000001b585dab000 JavaThread "Incoming local TCP Connector on port 55021" [_thread_in_native, id=10812, stack(0x000000308e200000,0x000000308e300000)]
  0x000001b584692800 JavaThread "Daemon periodic checks" [_thread_blocked, id=7268, stack(0x000000308e500000,0x000000308e600000)]
  0x000001b5849f9800 JavaThread "Daemon" [_thread_blocked, id=8444, stack(0x000000308e600000,0x000000308e700000)]
  0x000001b58619e800 JavaThread "Handler for socket connection from /127.0.0.1:55021 to /127.0.0.1:55022" [_thread_in_native, id=12212, stack(0x000000308e700000,0x000000308e800000)]
  0x000001b584e49800 JavaThread "Cancel handler" [_thread_blocked, id=5808, stack(0x000000308ea00000,0x000000308eb00000)]
  0x000001b585868800 JavaThread "Daemon worker" [_thread_in_Java, id=5224, stack(0x000000308eb00000,0x000000308ec00000)]
  0x000001b584753800 JavaThread "Asynchronous log dispatcher for DefaultDaemonConnection: socket connection from /127.0.0.1:55021 to /127.0.0.1:55022" [_thread_blocked, id=320, stack(0x000000308ec00000,0x000000308ed00000)]
  0x000001b585342000 JavaThread "Stdin handler" [_thread_blocked, id=11532, stack(0x000000308ed00000,0x000000308ee00000)]
  0x000001b584ec3800 JavaThread "Daemon client event forwarder" [_thread_blocked, id=8780, stack(0x000000308ee00000,0x000000308ef00000)]
  0x000001b585e70800 JavaThread "Cache worker for journal cache (C:\Users\Dell\.gradle\caches\journal-1)" [_thread_blocked, id=5896, stack(0x000000308ef00000,0x000000308f000000)]
  0x000001b585e71800 JavaThread "File lock request listener" [_thread_in_native, id=3432, stack(0x000000308f000000,0x000000308f100000)]
  0x000001b585e72800 JavaThread "Cache worker for file hash cache (C:\Users\Dell\.gradle\caches\7.5\fileHashes)" [_thread_blocked, id=10216, stack(0x000000308f100000,0x000000308f200000)]
=>0x000001b585b74800 JavaThread "C2 CompilerThread1" daemon [_thread_in_native, id=9052, stack(0x000000308f200000,0x000000308f300000)]

Other Threads:
  0x000001b5fe7b5800 VMThread "VM Thread" [stack: 0x000000308d700000,0x000000308d800000] [id=4208]
  0x000001b5ff2ba000 WatcherThread [stack: 0x000000308e100000,0x000000308e200000] [id=6180]
  0x000001b5e8bdc000 GCTaskThread "GC Thread#0" [stack: 0x000000308d200000,0x000000308d300000] [id=2892]
  0x000001b5ff60c800 GCTaskThread "GC Thread#1" [stack: 0x000000308e300000,0x000000308e400000] [id=2428]
  0x000001b58542b800 GCTaskThread "GC Thread#2" [stack: 0x000000308e800000,0x000000308e900000] [id=4736]
  0x000001b586146800 GCTaskThread "GC Thread#3" [stack: 0x000000308e900000,0x000000308ea00000] [id=12272]
  0x000001b5e8c0d000 ConcurrentGCThread "G1 Main Marker" [stack: 0x000000308d300000,0x000000308d400000] [id=2876]
  0x000001b5e8c0e000 ConcurrentGCThread "G1 Conc#0" [stack: 0x000000308d400000,0x000000308d500000] [id=11300]
  0x000001b5e8c83000 ConcurrentGCThread "G1 Refine#0" [stack: 0x000000308d500000,0x000000308d600000] [id=8748]
  0x000001b5e8c84000 ConcurrentGCThread "G1 Young RemSet Sampling" [stack: 0x000000308d600000,0x000000308d700000] [id=3900]

Threads with active compile tasks:
C2 CompilerThread0    10112 2193   !   4       java.util.zip.InflaterInputStream::read (138 bytes)
C2 CompilerThread1    10112 2059       4       java.net.URLClassLoader$1::run (5 bytes)

VM state:not at safepoint (normal execution)

VM Mutex/Monitor currently owned by a thread: None

Heap address: 0x0000000080000000, size: 2048 MB, Compressed Oops mode: 32-bit
Narrow klass base: 0x0000000000000000, Narrow klass shift: 3
Compressed class space size: 1073741824 Address: 0x0000000100000000

Heap:
 garbage-first heap   total 96256K, used 51705K [0x0000000080000000, 0x0000000100000000)
  region size 1024K, 37 young (37888K), 2 survivors (2048K)
 Metaspace       used 24414K, capacity 24980K, committed 25008K, reserved 1071104K
  class space    used 3112K, capacity 3318K, committed 3328K, reserved 1048576K
Heap Regions: E=young(eden), S=young(survivor), O=old, HS=humongous(starts), HC=humongous(continues), CS=collection set, F=free, A=archive, TAMS=top-at-mark-start (previous, next)
|   0|0x0000000080000000, 0x0000000080100000, 0x0000000080100000|100%|HS|  |TAMS 0x0000000080100000, 0x0000000080000000| Complete 
|   1|0x0000000080100000, 0x0000000080200000, 0x0000000080200000|100%|HC|  |TAMS 0x0000000080200000, 0x0000000080100000| Complete 
|   2|0x0000000080200000, 0x0000000080300000, 0x0000000080300000|100%|HC|  |TAMS 0x0000000080300000, 0x0000000080200000| Complete 
|   3|0x0000000080300000, 0x0000000080400000, 0x0000000080400000|100%| O|  |TAMS 0x0000000080400000, 0x0000000080300000| Untracked 
|   4|0x0000000080400000, 0x0000000080500000, 0x0000000080500000|100%| O|  |TAMS 0x0000000080500000, 0x0000000080400000| Untracked 
|   5|0x0000000080500000, 0x0000000080600000, 0x0000000080600000|100%| O|  |TAMS 0x0000000080600000, 0x0000000080500000| Untracked 
|   6|0x0000000080600000, 0x0000000080700000, 0x0000000080700000|100%| O|  |TAMS 0x0000000080700000, 0x0000000080600000| Untracked 
|   7|0x0000000080700000, 0x0000000080800000, 0x0000000080800000|100%| O|  |TAMS 0x0000000080800000, 0x0000000080700000| Untracked 
|   8|0x0000000080800000, 0x0000000080900000, 0x0000000080900000|100%| O|  |TAMS 0x0000000080900000, 0x0000000080800000| Untracked 
|   9|0x0000000080900000, 0x0000000080a00000, 0x0000000080a00000|100%| O|  |TAMS 0x0000000080a00000, 0x0000000080900000| Untracked 
|  10|0x0000000080a00000, 0x0000000080b00000, 0x0000000080b00000|100%| O|  |TAMS 0x0000000080b00000, 0x0000000080a00000| Untracked 
|  11|0x0000000080b00000, 0x0000000080c00000, 0x0000000080c00000|100%| O|  |TAMS 0x0000000080c00000, 0x0000000080b00000| Untracked 
|  12|0x0000000080c00000, 0x0000000080d00000, 0x0000000080d00000|100%| O|  |TAMS 0x0000000080d00000, 0x0000000080c00000| Untracked 
|  13|0x0000000080d00000, 0x0000000080e00000, 0x0000000080e00000|100%| O|  |TAMS 0x0000000080e00000, 0x0000000080d00000| Untracked 
|  14|0x0000000080e00000, 0x0000000080f00000, 0x0000000080f00000|100%| O|  |TAMS 0x0000000080f00000, 0x0000000080e00000| Untracked 
|  15|0x0000000080f00000, 0x0000000080f19a00, 0x0000000081000000| 10%| O|  |TAMS 0x0000000080f19a00, 0x0000000080f00000| Untracked 
|  16|0x0000000081000000, 0x0000000081000000, 0x0000000081100000|  0%| F|  |TAMS 0x0000000081000000, 0x0000000081000000| Untracked 
|  17|0x0000000081100000, 0x0000000081100000, 0x0000000081200000|  0%| F|  |TAMS 0x0000000081100000, 0x0000000081100000| Untracked 
|  18|0x0000000081200000, 0x0000000081200000, 0x0000000081300000|  0%| F|  |TAMS 0x0000000081200000, 0x0000000081200000| Untracked 
|  19|0x0000000081300000, 0x0000000081300000, 0x0000000081400000|  0%| F|  |TAMS 0x0000000081300000, 0x0000000081300000| Untracked 
|  20|0x0000000081400000, 0x0000000081400000, 0x0000000081500000|  0%| F|  |TAMS 0x0000000081400000, 0x0000000081400000| Untracked 
|  21|0x0000000081500000, 0x0000000081500000, 0x0000000081600000|  0%| F|  |TAMS 0x0000000081500000, 0x0000000081500000| Untracked 
|  22|0x0000000081600000, 0x0000000081600000, 0x0000000081700000|  0%| F|  |TAMS 0x0000000081600000, 0x0000000081600000| Untracked 
|  23|0x0000000081700000, 0x0000000081700000, 0x0000000081800000|  0%| F|  |TAMS 0x0000000081700000, 0x0000000081700000| Untracked 
|  24|0x0000000081800000, 0x0000000081800000, 0x0000000081900000|  0%| F|  |TAMS 0x0000000081800000, 0x0000000081800000| Untracked 
|  25|0x0000000081900000, 0x0000000081900000, 0x0000000081a00000|  0%| F|  |TAMS 0x0000000081900000, 0x0000000081900000| Untracked 
|  26|0x0000000081a00000, 0x0000000081a00000, 0x0000000081b00000|  0%| F|  |TAMS 0x0000000081a00000, 0x0000000081a00000| Untracked 
|  27|0x0000000081b00000, 0x0000000081b00000, 0x0000000081c00000|  0%| F|  |TAMS 0x0000000081b00000, 0x0000000081b00000| Untracked 
|  28|0x0000000081c00000, 0x0000000081c00000, 0x0000000081d00000|  0%| F|  |TAMS 0x0000000081c00000, 0x0000000081c00000| Untracked 
|  29|0x0000000081d00000, 0x0000000081d00000, 0x0000000081e00000|  0%| F|  |TAMS 0x0000000081d00000, 0x0000000081d00000| Untracked 
|  30|0x0000000081e00000, 0x0000000081e00000, 0x0000000081f00000|  0%| F|  |TAMS 0x0000000081e00000, 0x0000000081e00000| Untracked 
|  31|0x0000000081f00000, 0x0000000081f00000, 0x0000000082000000|  0%| F|  |TAMS 0x0000000081f00000, 0x0000000081f00000| Untracked 
|  32|0x0000000082000000, 0x0000000082000000, 0x0000000082100000|  0%| F|  |TAMS 0x0000000082000000, 0x0000000082000000| Untracked 
|  33|0x0000000082100000, 0x0000000082100000, 0x0000000082200000|  0%| F|  |TAMS 0x0000000082100000, 0x0000000082100000| Untracked 
|  34|0x0000000082200000, 0x0000000082200000, 0x0000000082300000|  0%| F|  |TAMS 0x0000000082200000, 0x0000000082200000| Untracked 
|  35|0x0000000082300000, 0x0000000082300000, 0x0000000082400000|  0%| F|  |TAMS 0x0000000082300000, 0x0000000082300000| Untracked 
|  36|0x0000000082400000, 0x0000000082400000, 0x0000000082500000|  0%| F|  |TAMS 0x0000000082400000, 0x0000000082400000| Untracked 
|  37|0x0000000082500000, 0x0000000082500000, 0x0000000082600000|  0%| F|  |TAMS 0x0000000082500000, 0x0000000082500000| Untracked 
|  38|0x0000000082600000, 0x0000000082600000, 0x0000000082700000|  0%| F|  |TAMS 0x0000000082600000, 0x0000000082600000| Untracked 
|  39|0x0000000082700000, 0x0000000082700000, 0x0000000082800000|  0%| F|  |TAMS 0x0000000082700000, 0x0000000082700000| Untracked 
|  40|0x0000000082800000, 0x0000000082800000, 0x0000000082900000|  0%| F|  |TAMS 0x0000000082800000, 0x0000000082800000| Untracked 
|  41|0x0000000082900000, 0x0000000082900000, 0x0000000082a00000|  0%| F|  |TAMS 0x0000000082900000, 0x0000000082900000| Untracked 
|  42|0x0000000082a00000, 0x0000000082a00000, 0x0000000082b00000|  0%| F|  |TAMS 0x0000000082a00000, 0x0000000082a00000| Untracked 
|  43|0x0000000082b00000, 0x0000000082b00000, 0x0000000082c00000|  0%| F|  |TAMS 0x0000000082b00000, 0x0000000082b00000| Untracked 
|  44|0x0000000082c00000, 0x0000000082c00000, 0x0000000082d00000|  0%| F|  |TAMS 0x0000000082c00000, 0x0000000082c00000| Untracked 
|  45|0x0000000082d00000, 0x0000000082d00000, 0x0000000082e00000|  0%| F|  |TAMS 0x0000000082d00000, 0x0000000082d00000| Untracked 
|  46|0x0000000082e00000, 0x0000000082e00000, 0x0000000082f00000|  0%| F|  |TAMS 0x0000000082e00000, 0x0000000082e00000| Untracked 
|  47|0x0000000082f00000, 0x0000000082f00000, 0x0000000083000000|  0%| F|  |TAMS 0x0000000082f00000, 0x0000000082f00000| Untracked 
|  48|0x0000000083000000, 0x0000000083000000, 0x0000000083100000|  0%| F|  |TAMS 0x0000000083000000, 0x0000000083000000| Untracked 
|  49|0x0000000083100000, 0x0000000083100000, 0x0000000083200000|  0%| F|  |TAMS 0x0000000083100000, 0x0000000083100000| Untracked 
|  50|0x0000000083200000, 0x0000000083200000, 0x0000000083300000|  0%| F|  |TAMS 0x0000000083200000, 0x0000000083200000| Untracked 
|  51|0x0000000083300000, 0x0000000083300000, 0x0000000083400000|  0%| F|  |TAMS 0x0000000083300000, 0x0000000083300000| Untracked 
|  52|0x0000000083400000, 0x0000000083400000, 0x0000000083500000|  0%| F|  |TAMS 0x0000000083400000, 0x0000000083400000| Untracked 
|  53|0x0000000083500000, 0x0000000083500000, 0x0000000083600000|  0%| F|  |TAMS 0x0000000083500000, 0x0000000083500000| Untracked 
|  54|0x0000000083600000, 0x0000000083600000, 0x0000000083700000|  0%| F|  |TAMS 0x0000000083600000, 0x0000000083600000| Untracked 
|  55|0x0000000083700000, 0x0000000083700000, 0x0000000083800000|  0%| F|  |TAMS 0x0000000083700000, 0x0000000083700000| Untracked 
|  56|0x0000000083800000, 0x0000000083800000, 0x0000000083900000|  0%| F|  |TAMS 0x0000000083800000, 0x0000000083800000| Untracked 
|  57|0x0000000083900000, 0x0000000083a00000, 0x0000000083a00000|100%| E|  |TAMS 0x0000000083900000, 0x0000000083900000| Complete 
|  58|0x0000000083a00000, 0x0000000083b00000, 0x0000000083b00000|100%| E|CS|TAMS 0x0000000083a00000, 0x0000000083a00000| Complete 
|  59|0x0000000083b00000, 0x0000000083c00000, 0x0000000083c00000|100%| E|CS|TAMS 0x0000000083b00000, 0x0000000083b00000| Complete 
|  60|0x0000000083c00000, 0x0000000083d00000, 0x0000000083d00000|100%| E|CS|TAMS 0x0000000083c00000, 0x0000000083c00000| Complete 
|  61|0x0000000083d00000, 0x0000000083e00000, 0x0000000083e00000|100%| E|CS|TAMS 0x0000000083d00000, 0x0000000083d00000| Complete 
|  62|0x0000000083e00000, 0x0000000083f00000, 0x0000000083f00000|100%| E|CS|TAMS 0x0000000083e00000, 0x0000000083e00000| Complete 
|  63|0x0000000083f00000, 0x0000000084000000, 0x0000000084000000|100%| E|CS|TAMS 0x0000000083f00000, 0x0000000083f00000| Complete 
|  64|0x0000000084000000, 0x0000000084100000, 0x0000000084100000|100%| E|CS|TAMS 0x0000000084000000, 0x0000000084000000| Complete 
|  65|0x0000000084100000, 0x0000000084200000, 0x0000000084200000|100%| E|CS|TAMS 0x0000000084100000, 0x0000000084100000| Complete 
|  66|0x0000000084200000, 0x0000000084300000, 0x0000000084300000|100%| E|CS|TAMS 0x0000000084200000, 0x0000000084200000| Complete 
|  67|0x0000000084300000, 0x0000000084400000, 0x0000000084400000|100%| E|CS|TAMS 0x0000000084300000, 0x0000000084300000| Complete 
|  68|0x0000000084400000, 0x0000000084500000, 0x0000000084500000|100%| E|CS|TAMS 0x0000000084400000, 0x0000000084400000| Complete 
|  69|0x0000000084500000, 0x0000000084600000, 0x0000000084600000|100%| E|CS|TAMS 0x0000000084500000, 0x0000000084500000| Complete 
|  70|0x0000000084600000, 0x0000000084700000, 0x0000000084700000|100%| E|CS|TAMS 0x0000000084600000, 0x0000000084600000| Complete 
|  71|0x0000000084700000, 0x0000000084800000, 0x0000000084800000|100%| E|CS|TAMS 0x0000000084700000, 0x0000000084700000| Complete 
|  72|0x0000000084800000, 0x0000000084900000, 0x0000000084900000|100%| E|CS|TAMS 0x0000000084800000, 0x0000000084800000| Complete 
|  73|0x0000000084900000, 0x0000000084a00000, 0x0000000084a00000|100%| E|CS|TAMS 0x0000000084900000, 0x0000000084900000| Complete 
|  74|0x0000000084a00000, 0x0000000084b00000, 0x0000000084b00000|100%| E|CS|TAMS 0x0000000084a00000, 0x0000000084a00000| Complete 
|  75|0x0000000084b00000, 0x0000000084c00000, 0x0000000084c00000|100%| E|CS|TAMS 0x0000000084b00000, 0x0000000084b00000| Complete 
|  76|0x0000000084c00000, 0x0000000084d00000, 0x0000000084d00000|100%| E|CS|TAMS 0x0000000084c00000, 0x0000000084c00000| Complete 
|  77|0x0000000084d00000, 0x0000000084e00000, 0x0000000084e00000|100%| E|CS|TAMS 0x0000000084d00000, 0x0000000084d00000| Complete 
|  78|0x0000000084e00000, 0x0000000084f00000, 0x0000000084f00000|100%| E|CS|TAMS 0x0000000084e00000, 0x0000000084e00000| Complete 
|  79|0x0000000084f00000, 0x0000000085000000, 0x0000000085000000|100%| E|CS|TAMS 0x0000000084f00000, 0x0000000084f00000| Complete 
|  80|0x0000000085000000, 0x0000000085100000, 0x0000000085100000|100%| E|CS|TAMS 0x0000000085000000, 0x0000000085000000| Complete 
|  81|0x0000000085100000, 0x0000000085200000, 0x0000000085200000|100%| E|CS|TAMS 0x0000000085100000, 0x0000000085100000| Complete 
|  82|0x0000000085200000, 0x0000000085300000, 0x0000000085300000|100%| E|CS|TAMS 0x0000000085200000, 0x0000000085200000| Complete 
|  83|0x0000000085300000, 0x0000000085400000, 0x0000000085400000|100%| E|CS|TAMS 0x0000000085300000, 0x0000000085300000| Complete 
|  84|0x0000000085400000, 0x0000000085500000, 0x0000000085500000|100%| E|CS|TAMS 0x0000000085400000, 0x0000000085400000| Complete 
|  85|0x0000000085500000, 0x0000000085600000, 0x0000000085600000|100%| E|CS|TAMS 0x0000000085500000, 0x0000000085500000| Complete 
|  86|0x0000000085600000, 0x0000000085700000, 0x0000000085700000|100%| E|CS|TAMS 0x0000000085600000, 0x0000000085600000| Complete 
|  87|0x0000000085700000, 0x0000000085800000, 0x0000000085800000|100%| E|CS|TAMS 0x0000000085700000, 0x0000000085700000| Complete 
|  88|0x0000000085800000, 0x0000000085900000, 0x0000000085900000|100%| E|CS|TAMS 0x0000000085800000, 0x0000000085800000| Complete 
|  89|0x0000000085900000, 0x0000000085a00000, 0x0000000085a00000|100%| E|CS|TAMS 0x0000000085900000, 0x0000000085900000| Complete 
|  90|0x0000000085a00000, 0x0000000085b00000, 0x0000000085b00000|100%| E|CS|TAMS 0x0000000085a00000, 0x0000000085a00000| Complete 
|  91|0x0000000085b00000, 0x0000000085b64a80, 0x0000000085c00000| 39%| S|CS|TAMS 0x0000000085b00000, 0x0000000085b00000| Complete 
|  92|0x0000000085c00000, 0x0000000085d00000, 0x0000000085d00000|100%| S|CS|TAMS 0x0000000085c00000, 0x0000000085c00000| Complete 
|  93|0x0000000085d00000, 0x0000000085e00000, 0x0000000085e00000|100%| E|CS|TAMS 0x0000000085d00000, 0x0000000085d00000| Complete 

Card table byte_map: [0x000001b5fbaf0000,0x000001b5fbef0000] _byte_map_base: 0x000001b5fb6f0000

Marking Bits (Prev, Next): (CMBitMap*) 0x000001b5e8c03f50, (CMBitMap*) 0x000001b5e8c03f18
 Prev Bits: [0x000001b580000000, 0x000001b582000000)
 Next Bits: [0x000001b5fc2f0000, 0x000001b5fe2f0000)

Polling page: 0x000001b5e6a10000

Metaspace:

Usage:
  Non-class:     21.15 MB capacity,    20.80 MB ( 98%) used,   314.00 KB (  1%) free+waste,    46.06 KB ( <1%) overhead. 
      Class:      3.24 MB capacity,     3.04 MB ( 94%) used,   182.74 KB (  6%) free+waste,    23.19 KB ( <1%) overhead. 
       Both:     24.39 MB capacity,    23.84 MB ( 98%) used,   496.74 KB (  2%) free+waste,    69.25 KB ( <1%) overhead. 

Virtual space:
  Non-class space:       22.00 MB reserved,      21.17 MB ( 96%) committed 
      Class space:        1.00 GB reserved,       3.25 MB ( <1%) committed 
             Both:        1.02 GB reserved,      24.42 MB (  2%) committed 

Chunk freelists:
   Non-Class:  18.00 KB
       Class:  10.00 KB
        Both:  28.00 KB

MaxMetaspaceSize: 17179869184.00 GB
CompressedClassSpaceSize: 1.00 GB
Initial GC threshold: 20.80 MB
Current GC threshold: 35.08 MB
CDS: off

CodeHeap 'non-profiled nmethods': size=120064Kb used=1091Kb max_used=1091Kb free=118972Kb
 bounds [0x000001b5f41b0000, 0x000001b5f4420000, 0x000001b5fb6f0000]
CodeHeap 'profiled nmethods': size=120000Kb used=4783Kb max_used=4783Kb free=115216Kb
 bounds [0x000001b5ecc80000, 0x000001b5ed130000, 0x000001b5f41b0000]
CodeHeap 'non-nmethods': size=5696Kb used=1227Kb max_used=1269Kb free=4468Kb
 bounds [0x000001b5ec6f0000, 0x000001b5ec960000, 0x000001b5ecc80000]
 total_blobs=2692 nmethods=2189 adapters=415
 compilation: enabled
              stopped_count=0, restarted_count=0
 full_count=0

Compilation events (20 events):
Event: 9.635 Thread 0x000001b5fe7ec800 nmethod 2171 0x000001b5ed11bb90 code [0x000001b5ed11be20, 0x000001b5ed11ca48]
Event: 9.669 Thread 0x000001b5fe7ec800 2172       3       jdk.internal.org.objectweb.asm.ClassWriter::visit (121 bytes)
Event: 9.670 Thread 0x000001b5fe7ec800 nmethod 2172 0x000001b5ed11cd10 code [0x000001b5ed11cf40, 0x000001b5ed11d698]
Event: 9.723 Thread 0x000001b5fe7ec800 2173       3       jdk.internal.org.objectweb.asm.ClassWriter::toByteArray (1423 bytes)
Event: 9.733 Thread 0x000001b5fe7ec800 nmethod 2173 0x000001b5ed11da10 code [0x000001b5ed11e300, 0x000001b5ed121ea8]
Event: 9.752 Thread 0x000001b5fe7ec800 2174       3       jdk.internal.misc.Unsafe::defineAnonymousClass (46 bytes)
Event: 9.753 Thread 0x000001b5fe7ec800 nmethod 2174 0x000001b5ed123610 code [0x000001b5ed123800, 0x000001b5ed123c18]
Event: 9.763 Thread 0x000001b5fe7ec800 2176       1       org.objectweb.asm.SymbolTable::getMajorVersion (5 bytes)
Event: 9.763 Thread 0x000001b5fe7ec800 nmethod 2176 0x000001b5f42b3c10 code [0x000001b5f42b3dc0, 0x000001b5f42b3e78]
Event: 9.763 Thread 0x000001b5fe7ec800 2177       3       org.objectweb.asm.ByteVector::putShort (52 bytes)
Event: 9.763 Thread 0x000001b5fe7ec800 nmethod 2177 0x000001b5ed123d90 code [0x000001b5ed123f60, 0x000001b5ed124168]
Event: 9.766 Thread 0x000001b5fe7ec800 2178       3       jdk.internal.org.objectweb.asm.ClassReader::readUnsignedShort (26 bytes)
Event: 9.766 Thread 0x000001b5fe7ec800 nmethod 2178 0x000001b5ed124290 code [0x000001b5ed124440, 0x000001b5ed124598]
Event: 9.901 Thread 0x000001b5fe7df800 nmethod 2058 0x000001b5f42b3f10 code [0x000001b5f42b4520, 0x000001b5f42bbe98]
Event: 9.935 Thread 0x000001b5fe7ec800 2180       3       java.lang.invoke.MemberName::<init> (131 bytes)
Event: 9.937 Thread 0x000001b5fe7ec800 nmethod 2180 0x000001b5ed124690 code [0x000001b5ed1249e0, 0x000001b5ed125dd8]
Event: 9.951 Thread 0x000001b5fe7df800 2182       4       jdk.internal.org.objectweb.asm.ClassWriter::put (152 bytes)
Event: 9.957 Thread 0x000001b5fe7df800 nmethod 2182 0x000001b5f42c0290 code [0x000001b5f42c0420, 0x000001b5f42c06f8]
Event: 9.960 Thread 0x000001b5fe7ec800 2183       3       java.util.concurrent.locks.ReentrantLock::unlock (10 bytes)
Event: 9.961 Thread 0x000001b5fe7ec800 nmethod 2183 0x000001b5ed126390 code [0x000001b5ed126560, 0x000001b5ed126898]

GC Heap History (12 events):
Event: 1.565 GC heap before
{Heap before GC invocations=0 (full 0):
 garbage-first heap   total 96256K, used 16384K [0x0000000080000000, 0x0000000100000000)
  region size 1024K, 14 young (14336K), 0 survivors (0K)
 Metaspace       used 6757K, capacity 6993K, committed 7168K, reserved 1056768K
  class space    used 571K, capacity 650K, committed 768K, reserved 1048576K
}
Event: 1.574 GC heap after
{Heap after GC invocations=1 (full 0):
 garbage-first heap   total 96256K, used 3880K [0x0000000080000000, 0x0000000100000000)
  region size 1024K, 2 young (2048K), 2 survivors (2048K)
 Metaspace       used 6757K, capacity 6993K, committed 7168K, reserved 1056768K
  class space    used 571K, capacity 650K, committed 768K, reserved 1048576K
}
Event: 2.430 GC heap before
{Heap before GC invocations=1 (full 0):
 garbage-first heap   total 96256K, used 18216K [0x0000000080000000, 0x0000000100000000)
  region size 1024K, 13 young (13312K), 2 survivors (2048K)
 Metaspace       used 10205K, capacity 10401K, committed 10624K, reserved 1058816K
  class space    used 1046K, capacity 1108K, committed 1152K, reserved 1048576K
}
Event: 2.439 GC heap after
{Heap after GC invocations=2 (full 0):
 garbage-first heap   total 96256K, used 9410K [0x0000000080000000, 0x0000000100000000)
  region size 1024K, 2 young (2048K), 2 survivors (2048K)
 Metaspace       used 10205K, capacity 10401K, committed 10624K, reserved 1058816K
  class space    used 1046K, capacity 1108K, committed 1152K, reserved 1048576K
}
Event: 4.211 GC heap before
{Heap before GC invocations=2 (full 0):
 garbage-first heap   total 96256K, used 32962K [0x0000000080000000, 0x0000000100000000)
  region size 1024K, 25 young (25600K), 2 survivors (2048K)
 Metaspace       used 11263K, capacity 11454K, committed 11520K, reserved 1058816K
  class space    used 1155K, capacity 1246K, committed 1280K, reserved 1048576K
}
Event: 4.218 GC heap after
{Heap after GC invocations=3 (full 0):
 garbage-first heap   total 96256K, used 9985K [0x0000000080000000, 0x0000000100000000)
  region size 1024K, 3 young (3072K), 3 survivors (3072K)
 Metaspace       used 11263K, capacity 11454K, committed 11520K, reserved 1058816K
  class space    used 1155K, capacity 1246K, committed 1280K, reserved 1048576K
}
Event: 7.494 GC heap before
{Heap before GC invocations=3 (full 0):
 garbage-first heap   total 96256K, used 44801K [0x0000000080000000, 0x0000000100000000)
  region size 1024K, 37 young (37888K), 3 survivors (3072K)
 Metaspace       used 16653K, capacity 17046K, committed 17152K, reserved 1064960K
  class space    used 1888K, capacity 2004K, committed 2048K, reserved 1048576K
}
Event: 7.514 GC heap after
{Heap after GC invocations=4 (full 0):
 garbage-first heap   total 96256K, used 16037K [0x0000000080000000, 0x0000000100000000)
  region size 1024K, 5 young (5120K), 5 survivors (5120K)
 Metaspace       used 16653K, capacity 17046K, committed 17152K, reserved 1064960K
  class space    used 1888K, capacity 2004K, committed 2048K, reserved 1048576K
}
Event: 8.610 GC heap before
{Heap before GC invocations=4 (full 0):
 garbage-first heap   total 96256K, used 52901K [0x0000000080000000, 0x0000000100000000)
  region size 1024K, 41 young (41984K), 5 survivors (5120K)
 Metaspace       used 20828K, capacity 21191K, committed 21296K, reserved 1069056K
  class space    used 2526K, capacity 2685K, committed 2688K, reserved 1048576K
}
Event: 8.620 GC heap after
{Heap after GC invocations=5 (full 0):
 garbage-first heap   total 96256K, used 16942K [0x0000000080000000, 0x0000000100000000)
  region size 1024K, 2 young (2048K), 2 survivors (2048K)
 Metaspace       used 20828K, capacity 21191K, committed 21296K, reserved 1069056K
  class space    used 2526K, capacity 2685K, committed 2688K, reserved 1048576K
}
Event: 8.625 GC heap before
{Heap before GC invocations=5 (full 0):
 garbage-first heap   total 96256K, used 16942K [0x0000000080000000, 0x0000000100000000)
  region size 1024K, 3 young (3072K), 2 survivors (2048K)
 Metaspace       used 20839K, capacity 21197K, committed 21296K, reserved 1069056K
  class space    used 2528K, capacity 2687K, committed 2688K, reserved 1048576K
}
Event: 8.632 GC heap after
{Heap after GC invocations=6 (full 0):
 garbage-first heap   total 96256K, used 16889K [0x0000000080000000, 0x0000000100000000)
  region size 1024K, 2 young (2048K), 2 survivors (2048K)
 Metaspace       used 20839K, capacity 21197K, committed 21296K, reserved 1069056K
  class space    used 2528K, capacity 2687K, committed 2688K, reserved 1048576K
}

Deoptimization events (20 events):
Event: 8.243 Thread 0x000001b585868800 Uncommon trap: trap_request=0xffffffc6 fr.pc=0x000001b5f422eba4 relative=0x0000000000000084
Event: 8.243 Thread 0x000001b585868800 Uncommon trap: reason=bimorphic_or_optimized_type_check action=maybe_recompile pc=0x000001b5f422eba4 method=java.util.AbstractList$Itr.hasNext()Z @ 8 c2
Event: 8.243 Thread 0x000001b585868800 DEOPT PACKING pc=0x000001b5f422eba4 sp=0x000000308ebfc2a0
Event: 8.243 Thread 0x000001b585868800 DEOPT UNPACKING pc=0x000001b5ec73a1af sp=0x000000308ebfc238 mode 2
Event: 8.243 Thread 0x000001b585868800 Uncommon trap: trap_request=0xffffffc6 fr.pc=0x000001b5f422ef54 relative=0x0000000000000114
Event: 8.243 Thread 0x000001b585868800 Uncommon trap: reason=bimorphic_or_optimized_type_check action=maybe_recompile pc=0x000001b5f422ef54 method=java.util.AbstractList$Itr.next()Ljava/lang/Object; @ 14 c2
Event: 8.243 Thread 0x000001b585868800 DEOPT PACKING pc=0x000001b5f422ef54 sp=0x000000308ebfc290
Event: 8.243 Thread 0x000001b585868800 DEOPT UNPACKING pc=0x000001b5ec73a1af sp=0x000000308ebfc228 mode 2
Event: 8.245 Thread 0x000001b585868800 Uncommon trap: trap_request=0xffffff4d fr.pc=0x000001b5f4227860 relative=0x00000000000005a0
Event: 8.245 Thread 0x000001b585868800 Uncommon trap: reason=unstable_if action=reinterpret pc=0x000001b5f4227860 method=java.io.File.getName()Ljava/lang/String; @ 16 c2
Event: 8.245 Thread 0x000001b585868800 DEOPT PACKING pc=0x000001b5f4227860 sp=0x000000308ebfcda0
Event: 8.245 Thread 0x000001b585868800 DEOPT UNPACKING pc=0x000001b5ec73a1af sp=0x000000308ebfcd70 mode 2
Event: 8.245 Thread 0x000001b585868800 Uncommon trap: trap_request=0xffffff4d fr.pc=0x000001b5f42269b0 relative=0x00000000000004f0
Event: 8.245 Thread 0x000001b585868800 Uncommon trap: reason=unstable_if action=reinterpret pc=0x000001b5f42269b0 method=java.lang.String.substring(I)Ljava/lang/String; @ 34 c2
Event: 8.245 Thread 0x000001b585868800 DEOPT PACKING pc=0x000001b5f42269b0 sp=0x000000308ebfcd20
Event: 8.245 Thread 0x000001b585868800 DEOPT UNPACKING pc=0x000001b5ec73a1af sp=0x000000308ebfccf8 mode 2
Event: 9.393 Thread 0x000001b585868800 Uncommon trap: trap_request=0xffffff4d fr.pc=0x000001b5f42070fc relative=0x000000000000023c
Event: 9.393 Thread 0x000001b585868800 Uncommon trap: reason=unstable_if action=reinterpret pc=0x000001b5f42070fc method=java.util.concurrent.ConcurrentHashMap.get(Ljava/lang/Object;)Ljava/lang/Object; @ 76 c2
Event: 9.393 Thread 0x000001b585868800 DEOPT PACKING pc=0x000001b5f42070fc sp=0x000000308ebf8af0
Event: 9.393 Thread 0x000001b585868800 DEOPT UNPACKING pc=0x000001b5ec73a1af sp=0x000000308ebf8a58 mode 2

Classes redefined (0 events):
No events

Internal exceptions (20 events):
Event: 7.738 Thread 0x000001b585868800 Exception <a 'java/lang/NoSuchMethodError'{0x000000008592dad8}: 'long java.lang.invoke.DirectMethodHandle$Holder.invokeInterface(java.lang.Object, java.lang.Object)'> (0x000000008592dad8) thrown at [src/hotspot/share/interpreter/linkResolver.cpp, line 773]
Event: 7.741 Thread 0x000001b585868800 Exception <a 'java/lang/NoSuchMethodError'{0x000000008593afe8}: 'void java.lang.invoke.DelegatingMethodHandle$Holder.reinvoke_L(java.lang.Object, java.lang.Object, java.lang.Object, java.lang.Object, java.lang.Object, java.lang.Object, java.lang.Object)'> (0x000000008593afe8) thrown at [src/hotspot/share/interpreter/linkResolver.cpp, line 773]
Event: 7.959 Thread 0x000001b585868800 Exception <a 'java/lang/NoSuchMethodError'{0x000000008514df60}: 'void java.lang.invoke.DirectMethodHandle$Holder.invokeStaticInit(java.lang.Object)'> (0x000000008514df60) thrown at [src/hotspot/share/interpreter/linkResolver.cpp, line 773]
Event: 7.994 Thread 0x000001b585868800 Exception <a 'java/lang/NoSuchMethodError'{0x0000000085009b80}: 'java.lang.Object java.lang.invoke.DirectMethodHandle$Holder.invokeStatic(java.lang.Object, java.lang.Object, java.lang.Object, int)'> (0x0000000085009b80) thrown at [src/hotspot/share/interpreter/linkResolver.cpp, line 773]
Event: 7.995 Thread 0x000001b585868800 Exception <a 'java/lang/NoSuchMethodError'{0x000000008500dd48}: 'java.lang.Object java.lang.invoke.DirectMethodHandle$Holder.invokeSpecial(java.lang.Object, java.lang.Object, java.lang.Object, java.lang.Object, int)'> (0x000000008500dd48) thrown at [src/hotspot/share/interpreter/linkResolver.cpp, line 773]
Event: 7.995 Thread 0x000001b585868800 Exception <a 'java/lang/NoSuchMethodError'{0x0000000085011730}: 'java.lang.Object java.lang.invoke.Invokers$Holder.linkToTargetMethod(java.lang.Object, java.lang.Object, int, java.lang.Object)'> (0x0000000085011730) thrown at [src/hotspot/share/interpreter/linkResolver.cpp, line 773]
Event: 8.297 Thread 0x000001b585868800 Exception <a 'java/lang/NoSuchMethodError'{0x00000000847260c8}: 'java.lang.Object java.lang.invoke.Invokers$Holder.linkToTargetMethod(java.lang.Object, java.lang.Object, java.lang.Object, java.lang.Object, java.lang.Object, java.lang.Object)'> (0x00000000847260c8) thrown at [src/hotspot/share/interpreter/linkResolver.cpp, line 773]
Event: 8.713 Thread 0x000001b585868800 Exception <a 'java/lang/NoSuchMethodError'{0x0000000085dc7000}: 'int java.lang.invoke.DirectMethodHandle$Holder.invokeSpecialIFC(java.lang.Object, java.lang.Object, java.lang.Object, java.lang.Object)'> (0x0000000085dc7000) thrown at [src/hotspot/share/interpreter/linkResolver.cpp, line 773]
Event: 8.717 Thread 0x000001b585868800 Exception <a 'java/lang/NoSuchMethodError'{0x0000000085dd4fb8}: 'java.lang.Object java.lang.invoke.DirectMethodHandle$Holder.invokeInterface(java.lang.Object, java.lang.Object, java.lang.Object)'> (0x0000000085dd4fb8) thrown at [src/hotspot/share/interpreter/linkResolver.cpp, line 773]
Event: 8.718 Thread 0x000001b585868800 Exception <a 'java/lang/IncompatibleClassChangeError'{0x0000000085dd8490}: Found class java.lang.Object, but interface was expected> (0x0000000085dd8490) thrown at [src/hotspot/share/interpreter/linkResolver.cpp, line 839]
Event: 8.995 Thread 0x000001b585868800 Exception <a 'java/lang/NoSuchMethodError'{0x000000008533e338}: 'void java.lang.invoke.DirectMethodHandle$Holder.invokeSpecial(java.lang.Object, java.lang.Object, java.lang.Object, java.lang.Object, java.lang.Object)'> (0x000000008533e338) thrown at [src/hotspot/share/interpreter/linkResolver.cpp, line 773]
Event: 9.048 Thread 0x000001b585868800 Exception <a 'java/lang/NoSuchMethodError'{0x000000008516fa30}: 'java.lang.Object java.lang.invoke.DirectMethodHandle$Holder.invokeSpecial(java.lang.Object, java.lang.Object, java.lang.Object, java.lang.Object, java.lang.Object, java.lang.Object, java.lang.Object, java.lang.Object, java.lang.Object)'> (0x000000008516fa30) thrown at [src/hotspot/share/interpreter/linkResolver.cpp, line 773]
Event: 9.223 Thread 0x000001b585868800 Exception <a 'java/lang/NoSuchMethodError'{0x0000000084785d00}: 'java.lang.Object java.lang.invoke.DirectMethodHandle$Holder.invokeVirtual(java.lang.Object, java.lang.Object, java.lang.Object, java.lang.Object)'> (0x0000000084785d00) thrown at [src/hotspot/share/interpreter/linkResolver.cpp, line 773]
Event: 9.516 Thread 0x000001b585868800 Exception <a 'java/lang/NoSuchMethodError'{0x000000008401e870}: 'void java.lang.invoke.DirectMethodHandle$Holder.invokeSpecial(java.lang.Object, java.lang.Object, java.lang.Object, java.lang.Object, java.lang.Object, java.lang.Object)'> (0x000000008401e870) thrown at [src/hotspot/share/interpreter/linkResolver.cpp, line 773]
Event: 9.524 Thread 0x000001b585868800 Exception <a 'java/lang/NoSuchMethodError'{0x000000008404cc00}: 'java.lang.Object java.lang.invoke.DirectMethodHandle$Holder.invokeSpecial(java.lang.Object, java.lang.Object, java.lang.Object, java.lang.Object, java.lang.Object, java.lang.Object, java.lang.Object, java.lang.Object, int, int)'> (0x000000008404cc00) thrown at [src/hotspot/share/interpreter/linkResolver.cpp, line 773]
Event: 9.530 Thread 0x000001b585868800 Exception <a 'java/lang/NoSuchMethodError'{0x0000000084069510}: 'java.lang.Object java.lang.invoke.Invokers$Holder.linkToTargetMethod(java.lang.Object, java.lang.Object, java.lang.Object, java.lang.Object, java.lang.Object, java.lang.Object, java.lang.Object)'> (0x0000000084069510) thrown at [src/hotspot/share/interpreter/linkResolver.cpp, line 773]
Event: 9.600 Thread 0x000001b585868800 Exception <a 'java/lang/NoSuchMethodError'{0x0000000083f7ba58}: 'void java.lang.invoke.DirectMethodHandle$Holder.invokeSpecial(java.lang.Object, java.lang.Object, java.lang.Object, java.lang.Object, java.lang.Object, java.lang.Object, java.lang.Object)'> (0x0000000083f7ba58) thrown at [src/hotspot/share/interpreter/linkResolver.cpp, line 773]
Event: 9.630 Thread 0x000001b585868800 Exception <a 'java/lang/NoSuchMethodError'{0x0000000083fbe9f8}: 'java.lang.Object java.lang.invoke.DirectMethodHandle$Holder.invokeStatic(java.lang.Object, java.lang.Object, java.lang.Object, int, java.lang.Object, java.lang.Object)'> (0x0000000083fbe9f8) thrown at [src/hotspot/share/interpreter/linkResolver.cpp, line 773]
Event: 9.633 Thread 0x000001b585868800 Exception <a 'java/lang/NoSuchMethodError'{0x0000000083fc6108}: 'java.lang.Object java.lang.invoke.Invokers$Holder.linkToTargetMethod(java.lang.Object, java.lang.Object, int, java.lang.Object, java.lang.Object, java.lang.Object)'> (0x0000000083fc6108) thrown at [src/hotspot/share/interpreter/linkResolver.cpp, line 773]
Event: 9.950 Thread 0x000001b585868800 Exception <a 'java/lang/NoSuchMethodError'{0x0000000083d77520}: 'java.lang.Object java.lang.invoke.DirectMethodHandle$Holder.invokeVirtual(java.lang.Object, java.lang.Object, java.lang.Object, java.lang.Object, java.lang.Object, java.lang.Object, java.lang.Object, java.lang.Object, java.lang.Object, java.lang.Object, java.lang.Object, java.lang.Object, java.lang.Object, java.lang.Object, java.lang.Object, java.lang.Object, java.lang.Object, java.lang.Object, java.lang.Object, java.lang.Object, java.lang.Ob

Events (20 events):
Event: 9.942 loading class org/gradle/caching/internal/origin/OriginMetadataFactory
Event: 9.942 loading class org/gradle/caching/internal/origin/OriginMetadataFactory done
Event: 9.944 loading class org/gradle/caching/internal/controller/BuildCacheController
Event: 9.944 loading class org/gradle/caching/internal/controller/BuildCacheController done
Event: 9.945 loading class org/gradle/internal/service/scopes/ExecutionGradleServices
Event: 9.945 loading class org/gradle/internal/service/scopes/ExecutionGradleServices done
Event: 9.947 loading class org/gradle/internal/execution/history/OutputFilesRepository
Event: 9.947 loading class org/gradle/internal/execution/history/OutputFilesRepository done
Event: 9.948 loading class org/gradle/internal/execution/OutputChangeListener
Event: 9.948 loading class org/gradle/internal/execution/OutputChangeListener done
Event: 9.949 loading class org/gradle/internal/execution/history/OutputsCleaner
Event: 9.949 loading class org/gradle/internal/execution/history/OutputsCleaner done
Event: 9.957 loading class org/gradle/kotlin/dsl/accessors/GradleScopeServices
Event: 9.957 loading class org/gradle/kotlin/dsl/accessors/GradleScopeServices done
Event: 9.958 loading class org/gradle/kotlin/dsl/accessors/PluginAccessorClassPathGenerator
Event: 9.958 loading class org/gradle/kotlin/dsl/accessors/PluginAccessorClassPathGenerator done
Event: 9.959 loading class org/gradle/kotlin/dsl/accessors/ProjectAccessorsClassPathGenerator
Event: 9.959 loading class org/gradle/kotlin/dsl/accessors/ProjectAccessorsClassPathGenerator done
Event: 9.961 loading class org/gradle/api/internal/artifacts/DependencyServices$DependencyManagementGradleServices
Event: 9.961 loading class org/gradle/api/internal/artifacts/DependencyServices$DependencyManagementGradleServices done


Dynamic libraries:
0x00007ff641cd0000 - 0x00007ff641cda000 	C:\Program Files\Android\Android Studio\jbr\bin\java.exe
0x00007ffff3a50000 - 0x00007ffff3c48000 	C:\Windows\SYSTEM32\ntdll.dll
0x00007ffff3790000 - 0x00007ffff384f000 	C:\Windows\System32\KERNEL32.DLL
0x00007ffff1160000 - 0x00007ffff143a000 	C:\Windows\System32\KERNELBASE.dll
0x00007ffff1770000 - 0x00007ffff1870000 	C:\Windows\System32\ucrtbase.dll
0x00007fffe4200000 - 0x00007fffe421b000 	C:\Program Files\Android\Android Studio\jbr\bin\VCRUNTIME140.dll
0x00007fffd11a0000 - 0x00007fffd11b7000 	C:\Program Files\Android\Android Studio\jbr\bin\jli.dll
0x00007ffff26d0000 - 0x00007ffff286d000 	C:\Windows\System32\USER32.dll
0x00007ffff1440000 - 0x00007ffff1462000 	C:\Windows\System32\win32u.dll
0x00007fffe2eb0000 - 0x00007fffe314a000 	C:\Windows\WinSxS\amd64_microsoft.windows.common-controls_6595b64144ccf1df_6.0.19041.1110_none_60b5254171f9507e\COMCTL32.dll
0x00007ffff1e70000 - 0x00007ffff1e9b000 	C:\Windows\System32\GDI32.dll
0x00007ffff2370000 - 0x00007ffff240e000 	C:\Windows\System32\msvcrt.dll
0x00007ffff1970000 - 0x00007ffff1a80000 	C:\Windows\System32\gdi32full.dll
0x00007ffff1500000 - 0x00007ffff159d000 	C:\Windows\System32\msvcp_win.dll
0x00007ffff2aa0000 - 0x00007ffff2ad0000 	C:\Windows\System32\IMM32.DLL
0x00007fffe40c0000 - 0x00007fffe40cc000 	C:\Program Files\Android\Android Studio\jbr\bin\vcruntime140_1.dll
0x00007fffb8280000 - 0x00007fffb830d000 	C:\Program Files\Android\Android Studio\jbr\bin\msvcp140.dll
0x00007fffb0780000 - 0x00007fffb133c000 	C:\Program Files\Android\Android Studio\jbr\bin\server\jvm.dll
0x00007ffff2950000 - 0x00007ffff29fe000 	C:\Windows\System32\ADVAPI32.dll
0x00007ffff2a00000 - 0x00007ffff2a9c000 	C:\Windows\System32\sechost.dll
0x00007ffff1c90000 - 0x00007ffff1db6000 	C:\Windows\System32\RPCRT4.dll
0x00007ffff2ad0000 - 0x00007ffff2ad8000 	C:\Windows\System32\PSAPI.DLL
0x00007fffe3150000 - 0x00007fffe3177000 	C:\Windows\SYSTEM32\WINMM.dll
0x00007fffe17b0000 - 0x00007fffe17ba000 	C:\Windows\SYSTEM32\VERSION.dll
0x00007fffe41f0000 - 0x00007fffe41f9000 	C:\Windows\SYSTEM32\WSOCK32.dll
0x00007ffff3640000 - 0x00007ffff36ab000 	C:\Windows\System32\WS2_32.dll
0x00007fffef020000 - 0x00007fffef032000 	C:\Windows\SYSTEM32\kernel.appcore.dll
0x00007fffe4080000 - 0x00007fffe4090000 	C:\Program Files\Android\Android Studio\jbr\bin\verify.dll
0x00007fffdd3d0000 - 0x00007fffdd5b4000 	C:\Windows\SYSTEM32\DBGHELP.DLL
0x00007fffdd390000 - 0x00007fffdd3c4000 	C:\Windows\SYSTEM32\dbgcore.DLL
0x00007ffff1470000 - 0x00007ffff14f2000 	C:\Windows\System32\bcryptPrimitives.dll
0x00007fffd8bc0000 - 0x00007fffd8be8000 	C:\Program Files\Android\Android Studio\jbr\bin\java.dll
0x00007fffe4070000 - 0x00007fffe407a000 	C:\Program Files\Android\Android Studio\jbr\bin\jimage.dll
0x00007fffd8ba0000 - 0x00007fffd8bb8000 	C:\Program Files\Android\Android Studio\jbr\bin\zip.dll
0x00007ffff2ef0000 - 0x00007ffff3634000 	C:\Windows\System32\SHELL32.dll
0x00007fffef220000 - 0x00007fffef9b3000 	C:\Windows\SYSTEM32\windows.storage.dll
0x00007ffff2b90000 - 0x00007ffff2ee4000 	C:\Windows\System32\combase.dll
0x00007ffff0ae0000 - 0x00007ffff0b0e000 	C:\Windows\SYSTEM32\Wldp.dll
0x00007ffff1dc0000 - 0x00007ffff1e6d000 	C:\Windows\System32\SHCORE.dll
0x00007ffff3850000 - 0x00007ffff38a5000 	C:\Windows\System32\shlwapi.dll
0x00007ffff10a0000 - 0x00007ffff10bf000 	C:\Windows\SYSTEM32\profapi.dll
0x00007fffd8470000 - 0x00007fffd8489000 	C:\Program Files\Android\Android Studio\jbr\bin\net.dll
0x00007fffe4c50000 - 0x00007fffe4d5a000 	C:\Windows\SYSTEM32\WINHTTP.dll
0x00007ffff0840000 - 0x00007ffff08aa000 	C:\Windows\system32\mswsock.dll
0x00007fffd8450000 - 0x00007fffd8463000 	C:\Program Files\Android\Android Studio\jbr\bin\nio.dll
0x00007fffd0a50000 - 0x00007fffd0a77000 	C:\Users\Dell\.gradle\native\e1d6ef7f7dcc3fd88c89a11ec53ec762bb8ba0a96d01ffa2cd45eb1d1d8dd5c5\windows-amd64\native-platform.dll
0x00007fffd74f0000 - 0x00007fffd7634000 	C:\Users\Dell\.gradle\native\0d407fdbe67a94daf76414ababcb853783967236a71b16ec16e742cd7a986fd3\windows-amd64\native-platform-file-events.dll
0x00007fffe3f70000 - 0x00007fffe3f7a000 	C:\Program Files\Android\Android Studio\jbr\bin\management.dll
0x00007fffe2cc0000 - 0x00007fffe2ccb000 	C:\Program Files\Android\Android Studio\jbr\bin\management_ext.dll
0x00007ffff0a30000 - 0x00007ffff0a48000 	C:\Windows\SYSTEM32\CRYPTSP.dll
0x00007ffff0160000 - 0x00007ffff0194000 	C:\Windows\system32\rsaenh.dll
0x00007ffff1a80000 - 0x00007ffff1aa7000 	C:\Windows\System32\bcrypt.dll
0x00007ffff1020000 - 0x00007ffff104e000 	C:\Windows\SYSTEM32\USERENV.dll
0x00007ffff0a50000 - 0x00007ffff0a5c000 	C:\Windows\SYSTEM32\CRYPTBASE.dll
0x00007ffff0530000 - 0x00007ffff056c000 	C:\Windows\SYSTEM32\IPHLPAPI.DLL
0x00007ffff2530000 - 0x00007ffff2538000 	C:\Windows\System32\NSI.dll
0x00007fffe7110000 - 0x00007fffe7127000 	C:\Windows\SYSTEM32\dhcpcsvc6.DLL
0x00007fffe7fa0000 - 0x00007fffe7fbd000 	C:\Windows\SYSTEM32\dhcpcsvc.DLL
0x00007ffff0570000 - 0x00007ffff063b000 	C:\Windows\SYSTEM32\DNSAPI.dll

dbghelp: loaded successfully - version: 4.0.5 - missing functions: none
symbol engine: initialized successfully - sym options: 0x614 - pdb path: .;C:\Program Files\Android\Android Studio\jbr\bin;C:\Windows\SYSTEM32;C:\Windows\WinSxS\amd64_microsoft.windows.common-controls_6595b64144ccf1df_6.0.19041.1110_none_60b5254171f9507e;C:\Program Files\Android\Android Studio\jbr\bin\server;C:\Users\Dell\.gradle\native\e1d6ef7f7dcc3fd88c89a11ec53ec762bb8ba0a96d01ffa2cd45eb1d1d8dd5c5\windows-amd64;C:\Users\Dell\.gradle\native\0d407fdbe67a94daf76414ababcb853783967236a71b16ec16e742cd7a986fd3\windows-amd64

VM Arguments:
jvm_args: --add-opens=java.base/java.util=ALL-UNNAMED --add-opens=java.base/java.lang=ALL-UNNAMED --add-opens=java.base/java.lang.invoke=ALL-UNNAMED --add-opens=java.base/java.util=ALL-UNNAMED --add-opens=java.prefs/java.util.prefs=ALL-UNNAMED --add-opens=java.prefs/java.util.prefs=ALL-UNNAMED --add-opens=java.base/java.nio.charset=ALL-UNNAMED --add-opens=java.base/java.net=ALL-UNNAMED --add-opens=java.base/java.util.concurrent.atomic=ALL-UNNAMED -Xmx2048m -Dfile.encoding=UTF-8 -Duser.country=IN -Duser.language=en -Duser.variant 
java_command: org.gradle.launcher.daemon.bootstrap.GradleDaemon 7.5
java_class_path (initial): C:\Users\Dell\.gradle\wrapper\dists\gradle-7.5-bin\f1w0cc9nuo0eivz97x2xlu9sv\gradle-7.5\lib\gradle-launcher-7.5.jar
Launcher Type: SUN_STANDARD

[Global flags]
     intx CICompilerCount                          = 3                                         {product} {ergonomic}
     uint ConcGCThreads                            = 1                                         {product} {ergonomic}
     uint G1ConcRefinementThreads                  = 4                                         {product} {ergonomic}
   size_t G1HeapRegionSize                         = 1048576                                   {product} {ergonomic}
    uintx GCDrainStackTargetSize                   = 64                                        {product} {ergonomic}
   size_t InitialHeapSize                          = 98566144                                  {product} {ergonomic}
   size_t MarkStackSize                            = 4194304                                   {product} {ergonomic}
   size_t MaxHeapSize                              = 2147483648                                {product} {command line}
   size_t MaxNewSize                               = 1287651328                                {product} {ergonomic}
   size_t MinHeapDeltaBytes                        = 1048576                                   {product} {ergonomic}
    uintx NonNMethodCodeHeapSize                   = 5830732                                {pd product} {ergonomic}
    uintx NonProfiledCodeHeapSize                  = 122913754                              {pd product} {ergonomic}
    uintx ProfiledCodeHeapSize                     = 122913754                              {pd product} {ergonomic}
    uintx ReservedCodeCacheSize                    = 251658240                              {pd product} {ergonomic}
     bool SegmentedCodeCache                       = true                                      {product} {ergonomic}
     bool UseCompressedClassPointers               = true                                 {lp64_product} {ergonomic}
     bool UseCompressedOops                        = true                                 {lp64_product} {ergonomic}
     bool UseG1GC                                  = true                                      {product} {ergonomic}
     bool UseLargePagesIndividualAllocation        = false                                  {pd product} {ergonomic}

Logging:
Log output configuration:
 #0: stdout all=warning uptime,level,tags
 #1: stderr all=off uptime,level,tags

Environment Variables:
PATH=C:\Windows\system32;C:\Windows;C:\Windows\System32\Wbem;C:\Windows\System32\WindowsPowerShell\v1.0\;C:\Windows\System32\OpenSSH\;C:\Users\Dell\AppData\Local\Programs\Python\Python310\Scripts\;C:\Users\Dell\AppData\Local\Programs\Python\Python310\;C:\Users\Dell\AppData\Local\Microsoft\WindowsApps;
USERNAME=Dell
OS=Windows_NT
PROCESSOR_IDENTIFIER=Intel64 Family 6 Model 42 Stepping 7, GenuineIntel



---------------  S Y S T E M  ---------------

OS: Windows 10 , 64 bit Build 19041 (10.0.19041.2788)
OS uptime: 11 days 12:24 hours

CPU:total 4 (initial active 4) (2 cores per cpu, 2 threads per core) family 6 model 42 stepping 7 microcode 0x2f, cmov, cx8, fxsr, mmx, sse, sse2, sse3, ssse3, sse4.1, sse4.2, popcnt, avx, clmul, ht, tsc, tscinvbit

Memory: 4k page, system-wide physical 6007M (1029M free)
TotalPageFile size 7671M (AvailPageFile size 2554M)
current process WorkingSet (physical memory assigned to process): 173M, peak: 177M
current process commit charge ("private bytes"): 242M, peak: 245M

vm_info: OpenJDK 64-Bit Server VM (11.0.15+0-b2043.56-9505619) for windows-amd64 JRE (11.0.15+0-b2043.56-9505619), built on Jan 19 2023 02:48:00 by "builduser" with unknown MS VC++:1929

END.
