#
# A fatal error has been detected by the Java Runtime Environment:
#
#  EXCEPTION_ACCESS_VIOLATION (0xc0000005) at pc=0x00007fffb094feb8, pid=10364, tid=11996
#
# JRE version: OpenJDK Runtime Environment (11.0.15) (build 11.0.15+0-b2043.56-9505619)
# Java VM: OpenJDK 64-Bit Server VM (11.0.15+0-b2043.56-9505619, mixed mode, tiered, compressed oops, g1 gc, windows-amd64)
# Problematic frame:
# V  [jvm.dll+0x1cfeb8]
#
# No core dump will be written. Minidumps are not enabled by default on client versions of Windows
#
# If you would like to submit a bug report, please visit:
#   https://bugreport.java.com/bugreport/crash.jsp
#

---------------  S U M M A R Y ------------

Command Line: --add-opens=java.base/java.util=ALL-UNNAMED --add-opens=java.base/java.lang=ALL-UNNAMED --add-opens=java.base/java.lang.invoke=ALL-UNNAMED --add-opens=java.base/java.util=ALL-UNNAMED --add-opens=java.prefs/java.util.prefs=ALL-UNNAMED --add-opens=java.prefs/java.util.prefs=ALL-UNNAMED --add-opens=java.base/java.nio.charset=ALL-UNNAMED --add-opens=java.base/java.net=ALL-UNNAMED --add-opens=java.base/java.util.concurrent.atomic=ALL-UNNAMED -Xmx2048m -Dfile.encoding=UTF-8 -Duser.country=IN -Duser.language=en -Duser.variant org.gradle.launcher.daemon.bootstrap.GradleDaemon 7.5

Host: Intel(R) Core(TM) i3-2328M CPU @ 2.20GHz, 4 cores, 5G,  Windows 10 , 64 bit Build 19041 (10.0.19041.2788)
Time: Wed Apr 26 22:47:23 2023 Pacific Daylight Time elapsed time: 151.123406 seconds (0d 0h 2m 31s)

---------------  T H R E A D  ---------------

Current thread (0x0000015d78c10800):  JavaThread "C2 CompilerThread0" daemon [_thread_in_vm, id=11996, stack(0x0000001a5fc00000,0x0000001a5fd00000)]


Current CompileTask:
C2: 151123 15828       4       org.gradle.internal.component.external.model.DefaultModuleComponentSelector::newSelector (90 bytes)

Stack: [0x0000001a5fc00000,0x0000001a5fd00000],  sp=0x0000001a5fcfef80,  free space=1019k
Native frames: (J=compiled Java code, j=interpreted, Vv=VM code, C=native code)
V  [jvm.dll+0x1cfeb8]
V  [jvm.dll+0x1b9abe]
V  [jvm.dll+0x2305ea]
V  [jvm.dll+0x22e5ef]
V  [jvm.dll+0x794de1]
V  [jvm.dll+0x78dc24]
V  [jvm.dll+0x6400f6]
C  [ucrtbase.dll+0x21bb2]
C  [KERNEL32.DLL+0x17604]
C  [ntdll.dll+0x526a1]


siginfo: EXCEPTION_ACCESS_VIOLATION (0xc0000005), reading address 0x000001597a79daa0


Register to memory mapping:

RIP=0x00007fffb094feb8 jvm.dll
RAX=0x0000015d11f95360 points into unknown readable memory: 0x0000015d7f085d00 | 00 5d 08 7f 5d 01 00 00
RBX=0x00000000000000b9 is an unknown value
RCX=0x000001597a79da90 is an unknown value
RDX=0x0000015d7f5be090 points into unknown readable memory: 0x726ffbc500190048 | 48 00 19 00 c5 fb 6f 72
RSP=0x0000001a5fcfef80 is pointing into the stack for thread: 0x0000015d78c10800
RBP=0x0000001a5fcff0f0 is pointing into the stack for thread: 0x0000015d78c10800
RSI=0x0000015d103653a0 points into unknown readable memory: 0x0000001a5fcff1a8 | a8 f1 cf 5f 1a 00 00 00
RDI=0x00000000000005c8 is an unknown value
R8 =0x0000000000000083 is an unknown value
R9 =0x000000007ffe3000 points into unknown readable memory: 0x00000000546c6148 | 48 61 6c 54 00 00 00 00
R10=0x00000000546c6148 is an unknown value
R11=0x00000863494b1b06 is an unknown value
R12=0x0000015d78c10800 is a thread
R13=0x0 is NULL
R14=0x0000000000000010 is an unknown value
R15=0x0000000000000008 is an unknown value


Registers:
RAX=0x0000015d11f95360, RBX=0x00000000000000b9, RCX=0x000001597a79da90, RDX=0x0000015d7f5be090
RSP=0x0000001a5fcfef80, RBP=0x0000001a5fcff0f0, RSI=0x0000015d103653a0, RDI=0x00000000000005c8
R8 =0x0000000000000083, R9 =0x000000007ffe3000, R10=0x00000000546c6148, R11=0x00000863494b1b06
R12=0x0000015d78c10800, R13=0x0000000000000000, R14=0x0000000000000010, R15=0x0000000000000008
RIP=0x00007fffb094feb8, EFLAGS=0x0000000000010287

Top of Stack: (sp=0x0000001a5fcfef80)
0x0000001a5fcfef80:   0000015d6c0bca20 0000015d0839f710
0x0000001a5fcfef90:   0000001a5fcff2b8 00007fffb0f20207
0x0000001a5fcfefa0:   0000001a5fcff1a0 00007fffb0939abe
0x0000001a5fcfefb0:   0000015d78c10800 0000015d78c10800
0x0000001a5fcfefc0:   0000000000153575 0000000059f9a199
0x0000001a5fcfefd0:   0000000000000000 0000000000000000
0x0000001a5fcfefe0:   0000015d7b41be30 00007fffb09b05ea
0x0000001a5fcfeff0:   0000015d78c10800 0000000000000000
0x0000001a5fcff000:   0000015d78c02500 0000015d7b41be30
0x0000001a5fcff010:   0000015d00000000 0000000000000000
0x0000001a5fcff020:   00000000ffffffff 0000015d00000000
0x0000001a5fcff030:   0000000000000004 0000015d78c10800
0x0000001a5fcff040:   0000015d78c10800 0000015d10c59238
0x0000001a5fcff050:   0000015d78c08e00 0000015d78c02500
0x0000001a5fcff060:   0000015d78be76e0 0000000000000008
0x0000001a5fcff070:   0000015d78b96a80 0000000000003dd4 

Instructions: (pc=0x00007fffb094feb8)
0x00007fffb094fdb8:   8b d0 48 8d 4c 24 60 e8 1c 99 fe ff 80 3c 1f 00
0x00007fffb094fdc8:   75 05 e8 75 56 63 00 48 8b 04 1e 48 8b 88 e8 04
0x00007fffb094fdd8:   00 00 48 8b 49 38 e8 3d ec ff ff 48 8d 4c 24 60
0x00007fffb094fde8:   c6 05 81 16 91 00 01 e8 1c 9c fe ff 48 8d 4c 24
0x00007fffb094fdf8:   20 e8 82 f6 18 00 4c 8d 9c 24 40 01 00 00 49 8b
0x00007fffb094fe08:   5b 10 49 8b 73 18 49 8b e3 5f c3 cc cc cc cc cc
0x00007fffb094fe18:   cc cc cc cc cc cc cc cc 48 89 6c 24 18 56 48 83
0x00007fffb094fe28:   ec 20 48 8b 41 08 48 8b ea 48 8b f1 48 85 c0 74
0x00007fffb094fe38:   3d 48 89 5c 24 30 33 db 39 18 7e 2d 48 89 7c 24
0x00007fffb094fe48:   38 8b fb 0f 1f 44 00 00 48 8b 40 18 48 8b 0c 38
0x00007fffb094fe58:   48 8b 49 10 ff d5 48 8b 46 08 48 8d 7f 08 ff c3
0x00007fffb094fe68:   3b 18 7c e4 48 8b 7c 24 38 48 8b 5c 24 30 48 8b
0x00007fffb094fe78:   6c 24 40 48 83 c4 20 5e c3 cc cc cc cc cc cc cc
0x00007fffb094fe88:   cc cc cc cc cc cc cc cc 48 89 5c 24 10 56 48 83
0x00007fffb094fe98:   ec 20 48 8b 41 30 33 db 48 8b f1 39 18 7e 2d 48
0x00007fffb094fea8:   89 7c 24 30 8b fb 66 90 48 8b 40 18 48 8b 0c 38
0x00007fffb094feb8:   48 8b 49 10 e8 5f ed 58 00 48 8b 46 30 48 8d 7f
0x00007fffb094fec8:   08 ff c3 3b 18 7c e1 48 8b 7c 24 30 48 8b 5c 24
0x00007fffb094fed8:   38 48 83 c4 20 5e c3 cc 48 8d 05 29 ba 6e 00 c3
0x00007fffb094fee8:   cc cc cc cc cc cc cc cc 48 8d 05 b1 ba 6e 00 c3
0x00007fffb094fef8:   cc cc cc cc cc cc cc cc 48 8d 05 69 b9 6e 00 c3
0x00007fffb094ff08:   cc cc cc cc cc cc cc cc 48 8d 05 51 bc 6e 00 c3
0x00007fffb094ff18:   cc cc cc cc cc cc cc cc 48 8d 05 e1 bc 6e 00 c3
0x00007fffb094ff28:   cc cc cc cc cc cc cc cc 48 63 c1 48 8d 0d 46 15
0x00007fffb094ff38:   91 00 48 8b 04 c1 c3 cc 4c 89 44 24 18 53 55 56
0x00007fffb094ff48:   57 41 54 41 55 41 56 41 57 48 83 ec 78 44 8b 15
0x00007fffb094ff58:   8c 39 95 00 49 8b f1 65 48 8b 04 25 58 00 00 00
0x00007fffb094ff68:   48 8b fa bd 10 00 00 00 4c 8b f1 4a 8b 1c d0 80
0x00007fffb094ff78:   3c 2b 00 75 05 e8 c2 54 63 00 41 bf 08 00 00 00
0x00007fffb094ff88:   4d 8b 2c 1f 49 89 7e 08 49 89 36 80 3c 2b 00 75
0x00007fffb094ff98:   05 e8 a6 54 63 00 49 8b 04 1f b9 20 00 00 00 4c
0x00007fffb094ffa8:   8b a0 e8 04 00 00 49 8b 3c 24 48 8b d7 e8 d6 85 


Stack slot to memory mapping:
stack at sp + 0 slots: 0x0000015d6c0bca20 points into unknown readable memory: 0x00007fffb1049e78 | 78 9e 04 b1 ff 7f 00 00
stack at sp + 1 slots: 0x0000015d0839f710 is at entry_point+-688 in (nmethod*)0x0000015d0839f710
stack at sp + 2 slots: 0x0000001a5fcff2b8 is pointing into the stack for thread: 0x0000015d78c10800
stack at sp + 3 slots: 0x00007fffb0f20207 jvm.dll
stack at sp + 4 slots: 0x0000001a5fcff1a0 is pointing into the stack for thread: 0x0000015d78c10800
stack at sp + 5 slots: 0x00007fffb0939abe jvm.dll
stack at sp + 6 slots: 0x0000015d78c10800 is a thread
stack at sp + 7 slots: 0x0000015d78c10800 is a thread


---------------  P R O C E S S  ---------------

Threads class SMR info:
_java_thread_list=0x0000015d7edded30, length=95, elements={
0x0000015d6c0b1000, 0x0000015d78beb800, 0x0000015d78bf5800, 0x0000015d78c07800,
0x0000015d78c0a000, 0x0000015d78c0c800, 0x0000015d78c10800, 0x0000015d78c15800,
0x0000015d78c18000, 0x0000015d796bc000, 0x0000015d7af8a800, 0x0000015d7bd18000,
0x0000015d79962800, 0x0000015d7c573800, 0x0000015d7c575000, 0x0000015d7c576000,
0x0000015d7c573000, 0x0000015d7c574800, 0x0000015d7c577800, 0x0000015d7d05c800,
0x0000015d7d05d000, 0x0000015d7d058000, 0x0000015d7d05a000, 0x0000015d7d05e000,
0x0000015d7c893800, 0x0000015d7c895800, 0x0000015d1215a000, 0x0000015d12162000,
0x0000015d1215f000, 0x0000015d12160000, 0x0000015d1215c800, 0x0000015d12169000,
0x0000015d79d78000, 0x0000015d79d77800, 0x0000015d79d7a800, 0x0000015d79d7a000,
0x0000015d79d79000, 0x0000015d79d7b800, 0x0000015d79d7c000, 0x0000015d79d76800,
0x0000015d1485b800, 0x0000015d79d83000, 0x0000015d79d7f800, 0x0000015d79d7d000,
0x0000015d79d7e000, 0x0000015d79d84800, 0x0000015d79d80800, 0x0000015d79d83800,
0x0000015d79d7e800, 0x0000015d79d81000, 0x0000015d79d85000, 0x0000015d79d82000,
0x0000015d7c888800, 0x0000015d7c88d000, 0x0000015d7c88a000, 0x0000015d7c88b800,
0x0000015d7c889000, 0x0000015d7c88e000, 0x0000015d7c88c800, 0x0000015d7c890800,
0x0000015d7c88f000, 0x0000015d7c88f800, 0x0000015d7c88a800, 0x0000015d7c892000,
0x0000015d7c894800, 0x0000015d7c893000, 0x0000015d7c896000, 0x0000015d7c891000,
0x0000015d7c897000, 0x0000015d1215d800, 0x0000015d1215e000, 0x0000015d12160800,
0x0000015d1215b000, 0x0000015d12161800, 0x0000015d1215b800, 0x0000015d12164000,
0x0000015d12164800, 0x0000015d12163000, 0x0000015d12167000, 0x0000015d12168000,
0x0000015d12165800, 0x0000015d12166800, 0x0000015d7d05a800, 0x0000015d7d05b800,
0x0000015d7d059000, 0x0000015d7c577000, 0x0000015d7c571000, 0x0000015d7c572000,
0x0000015d7a702800, 0x0000015d7a701000, 0x0000015d7a705000, 0x0000015d7a705800,
0x0000015d7a700000, 0x0000015d7a704000, 0x0000015d7a706800
}

Java Threads: ( => current thread )
  0x0000015d6c0b1000 JavaThread "main" [_thread_blocked, id=4296, stack(0x0000001a5f000000,0x0000001a5f100000)]
  0x0000015d78beb800 JavaThread "Reference Handler" daemon [_thread_blocked, id=1812, stack(0x0000001a5f700000,0x0000001a5f800000)]
  0x0000015d78bf5800 JavaThread "Finalizer" daemon [_thread_blocked, id=996, stack(0x0000001a5f800000,0x0000001a5f900000)]
  0x0000015d78c07800 JavaThread "Signal Dispatcher" daemon [_thread_blocked, id=7076, stack(0x0000001a5f900000,0x0000001a5fa00000)]
  0x0000015d78c0a000 JavaThread "Attach Listener" daemon [_thread_blocked, id=5552, stack(0x0000001a5fa00000,0x0000001a5fb00000)]
  0x0000015d78c0c800 JavaThread "Service Thread" daemon [_thread_blocked, id=1728, stack(0x0000001a5fb00000,0x0000001a5fc00000)]
=>0x0000015d78c10800 JavaThread "C2 CompilerThread0" daemon [_thread_in_vm, id=11996, stack(0x0000001a5fc00000,0x0000001a5fd00000)]
  0x0000015d78c15800 JavaThread "C1 CompilerThread0" daemon [_thread_blocked, id=2328, stack(0x0000001a5fd00000,0x0000001a5fe00000)]
  0x0000015d78c18000 JavaThread "Sweeper thread" daemon [_thread_blocked, id=9036, stack(0x0000001a5fe00000,0x0000001a5ff00000)]
  0x0000015d796bc000 JavaThread "Common-Cleaner" daemon [_thread_blocked, id=11732, stack(0x0000001a5ff00000,0x0000001a60000000)]
  0x0000015d7af8a800 JavaThread "Daemon health stats" [_thread_blocked, id=7980, stack(0x0000001a60300000,0x0000001a60400000)]
  0x0000015d7bd18000 JavaThread "Incoming local TCP Connector on port 54728" [_thread_in_native, id=1620, stack(0x0000001a60100000,0x0000001a60200000)]
  0x0000015d79962800 JavaThread "Daemon periodic checks" [_thread_blocked, id=10608, stack(0x0000001a60400000,0x0000001a60500000)]
  0x0000015d7c573800 JavaThread "Cache worker for journal cache (C:\Users\Dell\.gradle\caches\journal-1)" [_thread_blocked, id=4588, stack(0x0000001a60f00000,0x0000001a61000000)]
  0x0000015d7c575000 JavaThread "File lock request listener" [_thread_in_native, id=9368, stack(0x0000001a61000000,0x0000001a61100000)]
  0x0000015d7c576000 JavaThread "Cache worker for file hash cache (C:\Users\Dell\.gradle\caches\7.5\fileHashes)" [_thread_blocked, id=5020, stack(0x0000001a61100000,0x0000001a61200000)]
  0x0000015d7c573000 JavaThread "File watcher server" daemon [_thread_in_native, id=2132, stack(0x0000001a61200000,0x0000001a61300000)]
  0x0000015d7c574800 JavaThread "File watcher consumer" daemon [_thread_blocked, id=6744, stack(0x0000001a61300000,0x0000001a61400000)]
  0x0000015d7c577800 JavaThread "Cache worker for file content cache (C:\Users\Dell\.gradle\caches\7.5\fileContent)" [_thread_blocked, id=564, stack(0x0000001a61600000,0x0000001a61700000)]
  0x0000015d7d05c800 JavaThread "Cache worker for execution history cache (C:\Users\Dell\.gradle\caches\7.5\executionHistory)" [_thread_blocked, id=5100, stack(0x0000001a61900000,0x0000001a61a00000)]
  0x0000015d7d05d000 JavaThread "jar transforms" [_thread_blocked, id=10212, stack(0x0000001a61a00000,0x0000001a61b00000)]
  0x0000015d7d058000 JavaThread "jar transforms Thread 2" [_thread_blocked, id=11320, stack(0x0000001a61b00000,0x0000001a61c00000)]
  0x0000015d7d05a000 JavaThread "jar transforms Thread 3" [_thread_blocked, id=12104, stack(0x0000001a61c00000,0x0000001a61d00000)]
  0x0000015d7d05e000 JavaThread "jar transforms Thread 4" [_thread_blocked, id=440, stack(0x0000001a61d00000,0x0000001a61e00000)]
  0x0000015d7c893800 JavaThread "Memory manager" [_thread_blocked, id=9832, stack(0x0000001a64900000,0x0000001a64a00000)]
  0x0000015d7c895800 JavaThread "pool-3-thread-1" [_thread_blocked, id=8164, stack(0x0000001a64a00000,0x0000001a64b00000)]
  0x0000015d1215a000 JavaThread "RMI Scheduler(0)" daemon [_thread_blocked, id=7736, stack(0x0000001a60a00000,0x0000001a60b00000)]
  0x0000015d12162000 JavaThread "RMI GC Daemon" daemon [_thread_blocked, id=11976, stack(0x0000001a65600000,0x0000001a65700000)]
  0x0000015d1215f000 JavaThread "RMI TCP Accept-0" daemon [_thread_in_native, id=8452, stack(0x0000001a65700000,0x0000001a65800000)]
  0x0000015d12160000 JavaThread "RMI Reaper" [_thread_blocked, id=11940, stack(0x0000001a65800000,0x0000001a65900000)]
  0x0000015d1215c800 JavaThread "Cache worker for Java compile cache (C:\Users\Dell\.gradle\caches\7.5\javaCompile)" [_thread_blocked, id=7920, stack(0x0000001a65a00000,0x0000001a65b00000)]
  0x0000015d12169000 JavaThread "ForkJoinPool.commonPool-worker-5" daemon [_thread_blocked, id=11848, stack(0x0000001a5ee00000,0x0000001a5ef00000)]
  0x0000015d79d78000 JavaThread "ForkJoinPool.commonPool-worker-7" daemon [_thread_blocked, id=11432, stack(0x0000001a5ef00000,0x0000001a5f000000)]
  0x0000015d79d77800 JavaThread "Daemon Thread 2" [_thread_blocked, id=6304, stack(0x0000001a5ed00000,0x0000001a5ee00000)]
  0x0000015d79d7a800 JavaThread "Handler for socket connection from /127.0.0.1:54728 to /127.0.0.1:54975" [_thread_in_native, id=5704, stack(0x0000001a60500000,0x0000001a60600000)]
  0x0000015d79d7a000 JavaThread "Cancel handler" [_thread_blocked, id=6032, stack(0x0000001a60600000,0x0000001a60700000)]
  0x0000015d79d79000 JavaThread "Daemon worker Thread 2" [_thread_blocked, id=4524, stack(0x0000001a60700000,0x0000001a60800000)]
  0x0000015d79d7b800 JavaThread "Asynchronous log dispatcher for DefaultDaemonConnection: socket connection from /127.0.0.1:54728 to /127.0.0.1:54975" [_thread_blocked, id=4456, stack(0x0000001a60800000,0x0000001a60900000)]
  0x0000015d79d7c000 JavaThread "Stdin handler" [_thread_blocked, id=3896, stack(0x0000001a60900000,0x0000001a60a00000)]
  0x0000015d79d76800 JavaThread "Daemon client event forwarder" [_thread_blocked, id=8496, stack(0x0000001a60b00000,0x0000001a60c00000)]
  0x0000015d1485b800 JavaThread "C2 CompilerThread1" daemon [_thread_blocked, id=1248, stack(0x0000001a60c00000,0x0000001a60d00000)]
  0x0000015d79d83000 JavaThread "Cache worker for checksums cache (F:\AndroidProjects\Project\.gradle\7.5\checksums)" [_thread_blocked, id=3760, stack(0x0000001a61400000,0x0000001a61500000)]
  0x0000015d79d7f800 JavaThread "Cache worker for cache directory md-rule (C:\Users\Dell\.gradle\caches\7.5\md-rule)" [_thread_blocked, id=6108, stack(0x0000001a61500000,0x0000001a61600000)]
  0x0000015d79d7d000 JavaThread "Cache worker for file hash cache (F:\AndroidProjects\Project\.gradle\7.5\fileHashes)" [_thread_blocked, id=6404, stack(0x0000001a61700000,0x0000001a61800000)]
  0x0000015d79d7e000 JavaThread "Cache worker for cache directory md-supplier (C:\Users\Dell\.gradle\caches\7.5\md-supplier)" [_thread_blocked, id=10564, stack(0x0000001a61800000,0x0000001a61900000)]
  0x0000015d79d84800 JavaThread "Cache worker for dependencies-accessors (F:\AndroidProjects\Project\.gradle\7.5\dependencies-accessors)" [_thread_blocked, id=9892, stack(0x0000001a61e00000,0x0000001a61f00000)]
  0x0000015d79d80800 JavaThread "Cache worker for Build Output Cleanup Cache (F:\AndroidProjects\Project\.gradle\buildOutputCleanup)" [_thread_blocked, id=11132, stack(0x0000001a61f00000,0x0000001a62000000)]
  0x0000015d79d83800 JavaThread "Unconstrained build operations" [_thread_blocked, id=9200, stack(0x0000001a62000000,0x0000001a62100000)]
  0x0000015d79d7e800 JavaThread "Unconstrained build operations Thread 2" [_thread_blocked, id=4272, stack(0x0000001a62100000,0x0000001a62200000)]
  0x0000015d79d81000 JavaThread "Unconstrained build operations Thread 3" [_thread_blocked, id=5076, stack(0x0000001a62200000,0x0000001a62300000)]
  0x0000015d79d85000 JavaThread "Unconstrained build operations Thread 4" [_thread_blocked, id=2636, stack(0x0000001a62300000,0x0000001a62400000)]
  0x0000015d79d82000 JavaThread "Unconstrained build operations Thread 5" [_thread_blocked, id=8256, stack(0x0000001a62400000,0x0000001a62500000)]
  0x0000015d7c888800 JavaThread "Unconstrained build operations Thread 6" [_thread_blocked, id=7768, stack(0x0000001a62500000,0x0000001a62600000)]
  0x0000015d7c88d000 JavaThread "Unconstrained build operations Thread 7" [_thread_blocked, id=4284, stack(0x0000001a62600000,0x0000001a62700000)]
  0x0000015d7c88a000 JavaThread "Unconstrained build operations Thread 8" [_thread_blocked, id=7180, stack(0x0000001a62700000,0x0000001a62800000)]
  0x0000015d7c88b800 JavaThread "Unconstrained build operations Thread 9" [_thread_blocked, id=10880, stack(0x0000001a62800000,0x0000001a62900000)]
  0x0000015d7c889000 JavaThread "Unconstrained build operations Thread 10" [_thread_blocked, id=11312, stack(0x0000001a62900000,0x0000001a62a00000)]
  0x0000015d7c88e000 JavaThread "Unconstrained build operations Thread 11" [_thread_blocked, id=10024, stack(0x0000001a62a00000,0x0000001a62b00000)]
  0x0000015d7c88c800 JavaThread "Unconstrained build operations Thread 12" [_thread_blocked, id=11248, stack(0x0000001a62b00000,0x0000001a62c00000)]
  0x0000015d7c890800 JavaThread "Unconstrained build operations Thread 13" [_thread_blocked, id=12240, stack(0x0000001a62c00000,0x0000001a62d00000)]
  0x0000015d7c88f000 JavaThread "Unconstrained build operations Thread 14" [_thread_blocked, id=10632, stack(0x0000001a62d00000,0x0000001a62e00000)]
  0x0000015d7c88f800 JavaThread "Unconstrained build operations Thread 15" [_thread_blocked, id=8792, stack(0x0000001a62e00000,0x0000001a62f00000)]
  0x0000015d7c88a800 JavaThread "Unconstrained build operations Thread 16" [_thread_blocked, id=10644, stack(0x0000001a62f00000,0x0000001a63000000)]
  0x0000015d7c892000 JavaThread "Unconstrained build operations Thread 17" [_thread_blocked, id=9720, stack(0x0000001a63000000,0x0000001a63100000)]
  0x0000015d7c894800 JavaThread "Unconstrained build operations Thread 18" [_thread_blocked, id=2616, stack(0x0000001a63100000,0x0000001a63200000)]
  0x0000015d7c893000 JavaThread "Unconstrained build operations Thread 19" [_thread_blocked, id=11992, stack(0x0000001a63200000,0x0000001a63300000)]
  0x0000015d7c896000 JavaThread "Unconstrained build operations Thread 20" [_thread_blocked, id=11316, stack(0x0000001a63300000,0x0000001a63400000)]
  0x0000015d7c891000 JavaThread "Unconstrained build operations Thread 21" [_thread_blocked, id=2460, stack(0x0000001a63400000,0x0000001a63500000)]
  0x0000015d7c897000 JavaThread "Unconstrained build operations Thread 22" [_thread_blocked, id=12256, stack(0x0000001a63500000,0x0000001a63600000)]
  0x0000015d1215d800 JavaThread "Unconstrained build operations Thread 23" [_thread_blocked, id=10840, stack(0x0000001a63600000,0x0000001a63700000)]
  0x0000015d1215e000 JavaThread "Unconstrained build operations Thread 24" [_thread_blocked, id=4644, stack(0x0000001a63700000,0x0000001a63800000)]
  0x0000015d12160800 JavaThread "Unconstrained build operations Thread 25" [_thread_blocked, id=4148, stack(0x0000001a63800000,0x0000001a63900000)]
  0x0000015d1215b000 JavaThread "Unconstrained build operations Thread 26" [_thread_blocked, id=1012, stack(0x0000001a63900000,0x0000001a63a00000)]
  0x0000015d12161800 JavaThread "Unconstrained build operations Thread 27" [_thread_blocked, id=11140, stack(0x0000001a63a00000,0x0000001a63b00000)]
  0x0000015d1215b800 JavaThread "Unconstrained build operations Thread 28" [_thread_blocked, id=10328, stack(0x0000001a63b00000,0x0000001a63c00000)]
  0x0000015d12164000 JavaThread "Unconstrained build operations Thread 29" [_thread_blocked, id=4428, stack(0x0000001a63c00000,0x0000001a63d00000)]
  0x0000015d12164800 JavaThread "Unconstrained build operations Thread 30" [_thread_blocked, id=4020, stack(0x0000001a63d00000,0x0000001a63e00000)]
  0x0000015d12163000 JavaThread "Unconstrained build operations Thread 31" [_thread_blocked, id=6456, stack(0x0000001a63e00000,0x0000001a63f00000)]
  0x0000015d12167000 JavaThread "Unconstrained build operations Thread 32" [_thread_blocked, id=8684, stack(0x0000001a63f00000,0x0000001a64000000)]
  0x0000015d12168000 JavaThread "Unconstrained build operations Thread 33" [_thread_blocked, id=2852, stack(0x0000001a64000000,0x0000001a64100000)]
  0x0000015d12165800 JavaThread "Unconstrained build operations Thread 34" [_thread_blocked, id=8044, stack(0x0000001a64100000,0x0000001a64200000)]
  0x0000015d12166800 JavaThread "Unconstrained build operations Thread 35" [_thread_blocked, id=11396, stack(0x0000001a64200000,0x0000001a64300000)]
  0x0000015d7d05a800 JavaThread "Unconstrained build operations Thread 36" [_thread_blocked, id=9716, stack(0x0000001a64300000,0x0000001a64400000)]
  0x0000015d7d05b800 JavaThread "Unconstrained build operations Thread 37" [_thread_blocked, id=6020, stack(0x0000001a64400000,0x0000001a64500000)]
  0x0000015d7d059000 JavaThread "Unconstrained build operations Thread 38" [_thread_blocked, id=12072, stack(0x0000001a64500000,0x0000001a64600000)]
  0x0000015d7c577000 JavaThread "Unconstrained build operations Thread 39" [_thread_blocked, id=1792, stack(0x0000001a64600000,0x0000001a64700000)]
  0x0000015d7c571000 JavaThread "Unconstrained build operations Thread 40" [_thread_blocked, id=3264, stack(0x0000001a64700000,0x0000001a64800000)]
  0x0000015d7c572000 JavaThread "build event listener" [_thread_blocked, id=8592, stack(0x0000001a64800000,0x0000001a64900000)]
  0x0000015d7a702800 JavaThread "pool-7-thread-1" [_thread_blocked, id=5460, stack(0x0000001a64b00000,0x0000001a64c00000)]
  0x0000015d7a701000 JavaThread "build event listener" [_thread_blocked, id=6556, stack(0x0000001a64c00000,0x0000001a64d00000)]
  0x0000015d7a705000 JavaThread "included builds" [_thread_blocked, id=9928, stack(0x0000001a64d00000,0x0000001a64e00000)]
  0x0000015d7a705800 JavaThread "Execution worker" [_thread_blocked, id=10876, stack(0x0000001a64e00000,0x0000001a64f00000)]
  0x0000015d7a700000 JavaThread "Execution worker Thread 2" [_thread_blocked, id=7764, stack(0x0000001a64f00000,0x0000001a65000000)]
  0x0000015d7a704000 JavaThread "Execution worker Thread 3" [_thread_blocked, id=1396, stack(0x0000001a65000000,0x0000001a65100000)]
  0x0000015d7a706800 JavaThread "Cache worker for execution history cache (F:\AndroidProjects\Project\.gradle\7.5\executionHistory)" [_thread_blocked, id=7536, stack(0x0000001a65100000,0x0000001a65200000)]

Other Threads:
  0x0000015d78be3800 VMThread "VM Thread" [stack: 0x0000001a5f600000,0x0000001a5f700000] [id=11880]
  0x0000015d796f7800 WatcherThread [stack: 0x0000001a60000000,0x0000001a60100000] [id=6868]
  0x0000015d6c0ca800 GCTaskThread "GC Thread#0" [stack: 0x0000001a5f100000,0x0000001a5f200000] [id=11012]
  0x0000015d79791000 GCTaskThread "GC Thread#1" [stack: 0x0000001a60200000,0x0000001a60300000] [id=8764]
  0x0000015d7be84000 GCTaskThread "GC Thread#2" [stack: 0x0000001a60d00000,0x0000001a60e00000] [id=3220]
  0x0000015d7bb6f000 GCTaskThread "GC Thread#3" [stack: 0x0000001a60e00000,0x0000001a60f00000] [id=4752]
  0x0000015d6c0fb000 ConcurrentGCThread "G1 Main Marker" [stack: 0x0000001a5f200000,0x0000001a5f300000] [id=7064]
  0x0000015d6c0fc800 ConcurrentGCThread "G1 Conc#0" [stack: 0x0000001a5f300000,0x0000001a5f400000] [id=4268]
  0x0000015d6c171000 ConcurrentGCThread "G1 Refine#0" [stack: 0x0000001a5f400000,0x0000001a5f500000] [id=2156]
  0x0000015d6c172000 ConcurrentGCThread "G1 Young RemSet Sampling" [stack: 0x0000001a5f500000,0x0000001a5f600000] [id=10256]

Threads with active compile tasks:
C2 CompilerThread0   151229 15828       4       org.gradle.internal.component.external.model.DefaultModuleComponentSelector::newSelector (90 bytes)
C2 CompilerThread1   151229 15875       4       org.gradle.internal.resources.DefaultResourceLockCoordinationService::maybeNotifyStateChange (94 bytes)

VM state:synchronizing (normal execution)

VM Mutex/Monitor currently owned by a thread:  ([mutex/lock_event])
[0x0000015d6c0a51c0] Threads_lock - owner thread: 0x0000015d78be3800
[0x0000015d6c0ae6c0] CompiledIC_lock - owner thread: 0x0000015d7a704000

Heap address: 0x0000000080000000, size: 2048 MB, Compressed Oops mode: 32-bit
Narrow klass base: 0x0000000000000000, Narrow klass shift: 3
Compressed class space size: 1073741824 Address: 0x0000000100000000

Heap:
 garbage-first heap   total 201728K, used 132875K [0x0000000080000000, 0x0000000100000000)
  region size 1024K, 30 young (30720K), 7 survivors (7168K)
 Metaspace       used 122491K, capacity 126299K, committed 126588K, reserved 1159168K
  class space    used 15846K, capacity 17303K, committed 17400K, reserved 1048576K
Heap Regions: E=young(eden), S=young(survivor), O=old, HS=humongous(starts), HC=humongous(continues), CS=collection set, F=free, A=archive, TAMS=top-at-mark-start (previous, next)
|   0|0x0000000080000000, 0x0000000080100000, 0x0000000080100000|100%|HS|  |TAMS 0x0000000080100000, 0x0000000080000000| Complete 
|   1|0x0000000080100000, 0x0000000080200000, 0x0000000080200000|100%|HC|  |TAMS 0x0000000080200000, 0x0000000080100000| Complete 
|   2|0x0000000080200000, 0x0000000080300000, 0x0000000080300000|100%|HC|  |TAMS 0x0000000080300000, 0x0000000080200000| Complete 
|   3|0x0000000080300000, 0x0000000080400000, 0x0000000080400000|100%| O|  |TAMS 0x0000000080400000, 0x0000000080300000| Untracked 
|   4|0x0000000080400000, 0x0000000080500000, 0x0000000080500000|100%| O|  |TAMS 0x0000000080500000, 0x0000000080400000| Untracked 
|   5|0x0000000080500000, 0x0000000080600000, 0x0000000080600000|100%| O|  |TAMS 0x0000000080600000, 0x0000000080500000| Untracked 
|   6|0x0000000080600000, 0x0000000080700000, 0x0000000080700000|100%| O|  |TAMS 0x0000000080700000, 0x0000000080600000| Untracked 
|   7|0x0000000080700000, 0x0000000080800000, 0x0000000080800000|100%| O|  |TAMS 0x0000000080800000, 0x0000000080700000| Untracked 
|   8|0x0000000080800000, 0x0000000080900000, 0x0000000080900000|100%| O|  |TAMS 0x0000000080900000, 0x0000000080800000| Untracked 
|   9|0x0000000080900000, 0x0000000080a00000, 0x0000000080a00000|100%| O|  |TAMS 0x0000000080a00000, 0x0000000080900000| Untracked 
|  10|0x0000000080a00000, 0x0000000080b00000, 0x0000000080b00000|100%| O|  |TAMS 0x0000000080b00000, 0x0000000080a00000| Untracked 
|  11|0x0000000080b00000, 0x0000000080c00000, 0x0000000080c00000|100%| O|  |TAMS 0x0000000080c00000, 0x0000000080b00000| Untracked 
|  12|0x0000000080c00000, 0x0000000080d00000, 0x0000000080d00000|100%| O|  |TAMS 0x0000000080d00000, 0x0000000080c00000| Untracked 
|  13|0x0000000080d00000, 0x0000000080e00000, 0x0000000080e00000|100%| O|  |TAMS 0x0000000080e00000, 0x0000000080d00000| Untracked 
|  14|0x0000000080e00000, 0x0000000080f00000, 0x0000000080f00000|100%| O|  |TAMS 0x0000000080f00000, 0x0000000080e00000| Untracked 
|  15|0x0000000080f00000, 0x0000000081000000, 0x0000000081000000|100%| O|  |TAMS 0x0000000081000000, 0x0000000080f00000| Untracked 
|  16|0x0000000081000000, 0x0000000081100000, 0x0000000081100000|100%| O|  |TAMS 0x0000000081100000, 0x0000000081000000| Untracked 
|  17|0x0000000081100000, 0x0000000081200000, 0x0000000081200000|100%|HS|  |TAMS 0x0000000081200000, 0x0000000081100000| Complete 
|  18|0x0000000081200000, 0x0000000081300000, 0x0000000081300000|100%| O|  |TAMS 0x0000000081300000, 0x0000000081200000| Untracked 
|  19|0x0000000081300000, 0x0000000081400000, 0x0000000081400000|100%| O|  |TAMS 0x0000000081400000, 0x0000000081300000| Untracked 
|  20|0x0000000081400000, 0x0000000081500000, 0x0000000081500000|100%| O|  |TAMS 0x0000000081500000, 0x0000000081400000| Untracked 
|  21|0x0000000081500000, 0x0000000081600000, 0x0000000081600000|100%| O|  |TAMS 0x0000000081600000, 0x0000000081500000| Untracked 
|  22|0x0000000081600000, 0x0000000081700000, 0x0000000081700000|100%| O|  |TAMS 0x0000000081700000, 0x0000000081600000| Untracked 
|  23|0x0000000081700000, 0x0000000081800000, 0x0000000081800000|100%| O|  |TAMS 0x0000000081800000, 0x0000000081700000| Untracked 
|  24|0x0000000081800000, 0x0000000081900000, 0x0000000081900000|100%| O|  |TAMS 0x0000000081900000, 0x0000000081800000| Untracked 
|  25|0x0000000081900000, 0x0000000081a00000, 0x0000000081a00000|100%| O|  |TAMS 0x0000000081a00000, 0x0000000081900000| Untracked 
|  26|0x0000000081a00000, 0x0000000081b00000, 0x0000000081b00000|100%| O|  |TAMS 0x0000000081b00000, 0x0000000081a00000| Untracked 
|  27|0x0000000081b00000, 0x0000000081c00000, 0x0000000081c00000|100%| O|  |TAMS 0x0000000081c00000, 0x0000000081b00000| Untracked 
|  28|0x0000000081c00000, 0x0000000081d00000, 0x0000000081d00000|100%|HS|  |TAMS 0x0000000081d00000, 0x0000000081c00000| Complete 
|  29|0x0000000081d00000, 0x0000000081e00000, 0x0000000081e00000|100%|HS|  |TAMS 0x0000000081e00000, 0x0000000081d00000| Complete 
|  30|0x0000000081e00000, 0x0000000081f00000, 0x0000000081f00000|100%|HS|  |TAMS 0x0000000081f00000, 0x0000000081e00000| Complete 
|  31|0x0000000081f00000, 0x0000000082000000, 0x0000000082000000|100%|HC|  |TAMS 0x0000000082000000, 0x0000000081f00000| Complete 
|  32|0x0000000082000000, 0x0000000082100000, 0x0000000082100000|100%|HC|  |TAMS 0x0000000082100000, 0x0000000082000000| Complete 
|  33|0x0000000082100000, 0x0000000082200000, 0x0000000082200000|100%| O|  |TAMS 0x0000000082200000, 0x0000000082100000| Untracked 
|  34|0x0000000082200000, 0x0000000082300000, 0x0000000082300000|100%| O|  |TAMS 0x0000000082300000, 0x0000000082200000| Untracked 
|  35|0x0000000082300000, 0x0000000082400000, 0x0000000082400000|100%| O|  |TAMS 0x0000000082400000, 0x0000000082300000| Untracked 
|  36|0x0000000082400000, 0x0000000082500000, 0x0000000082500000|100%| O|  |TAMS 0x0000000082500000, 0x0000000082400000| Untracked 
|  37|0x0000000082500000, 0x0000000082600000, 0x0000000082600000|100%| O|  |TAMS 0x0000000082600000, 0x0000000082500000| Untracked 
|  38|0x0000000082600000, 0x0000000082700000, 0x0000000082700000|100%| O|  |TAMS 0x0000000082700000, 0x0000000082600000| Untracked 
|  39|0x0000000082700000, 0x0000000082800000, 0x0000000082800000|100%| O|  |TAMS 0x0000000082800000, 0x0000000082700000| Untracked 
|  40|0x0000000082800000, 0x0000000082900000, 0x0000000082900000|100%| O|  |TAMS 0x0000000082900000, 0x0000000082800000| Untracked 
|  41|0x0000000082900000, 0x0000000082a00000, 0x0000000082a00000|100%| O|  |TAMS 0x0000000082a00000, 0x0000000082900000| Untracked 
|  42|0x0000000082a00000, 0x0000000082b00000, 0x0000000082b00000|100%| O|  |TAMS 0x0000000082b00000, 0x0000000082a00000| Untracked 
|  43|0x0000000082b00000, 0x0000000082c00000, 0x0000000082c00000|100%| O|  |TAMS 0x0000000082c00000, 0x0000000082b00000| Untracked 
|  44|0x0000000082c00000, 0x0000000082d00000, 0x0000000082d00000|100%| O|  |TAMS 0x0000000082d00000, 0x0000000082c00000| Untracked 
|  45|0x0000000082d00000, 0x0000000082e00000, 0x0000000082e00000|100%| O|  |TAMS 0x0000000082e00000, 0x0000000082d00000| Untracked 
|  46|0x0000000082e00000, 0x0000000082f00000, 0x0000000082f00000|100%| O|  |TAMS 0x0000000082f00000, 0x0000000082e00000| Untracked 
|  47|0x0000000082f00000, 0x0000000083000000, 0x0000000083000000|100%| O|  |TAMS 0x0000000083000000, 0x0000000082f00000| Untracked 
|  48|0x0000000083000000, 0x0000000083100000, 0x0000000083100000|100%| O|  |TAMS 0x0000000083100000, 0x0000000083000000| Untracked 
|  49|0x0000000083100000, 0x0000000083200000, 0x0000000083200000|100%| O|  |TAMS 0x0000000083200000, 0x0000000083100000| Untracked 
|  50|0x0000000083200000, 0x0000000083300000, 0x0000000083300000|100%| O|  |TAMS 0x0000000083300000, 0x0000000083200000| Untracked 
|  51|0x0000000083300000, 0x0000000083400000, 0x0000000083400000|100%| O|  |TAMS 0x0000000083400000, 0x0000000083300000| Untracked 
|  52|0x0000000083400000, 0x0000000083500000, 0x0000000083500000|100%| O|  |TAMS 0x0000000083500000, 0x0000000083400000| Untracked 
|  53|0x0000000083500000, 0x0000000083600000, 0x0000000083600000|100%| O|  |TAMS 0x0000000083600000, 0x0000000083500000| Untracked 
|  54|0x0000000083600000, 0x0000000083700000, 0x0000000083700000|100%| O|  |TAMS 0x0000000083700000, 0x0000000083600000| Untracked 
|  55|0x0000000083700000, 0x0000000083800000, 0x0000000083800000|100%| O|  |TAMS 0x0000000083800000, 0x0000000083700000| Untracked 
|  56|0x0000000083800000, 0x0000000083900000, 0x0000000083900000|100%| O|  |TAMS 0x0000000083900000, 0x0000000083800000| Untracked 
|  57|0x0000000083900000, 0x0000000083a00000, 0x0000000083a00000|100%| O|  |TAMS 0x0000000083a00000, 0x0000000083900000| Untracked 
|  58|0x0000000083a00000, 0x0000000083b00000, 0x0000000083b00000|100%| O|  |TAMS 0x0000000083b00000, 0x0000000083a00000| Untracked 
|  59|0x0000000083b00000, 0x0000000083c00000, 0x0000000083c00000|100%| O|  |TAMS 0x0000000083c00000, 0x0000000083b00000| Untracked 
|  60|0x0000000083c00000, 0x0000000083d00000, 0x0000000083d00000|100%| O|  |TAMS 0x0000000083d00000, 0x0000000083c00000| Untracked 
|  61|0x0000000083d00000, 0x0000000083e00000, 0x0000000083e00000|100%| O|  |TAMS 0x0000000083e00000, 0x0000000083d00000| Untracked 
|  62|0x0000000083e00000, 0x0000000083f00000, 0x0000000083f00000|100%| O|  |TAMS 0x0000000083f00000, 0x0000000083e00000| Untracked 
|  63|0x0000000083f00000, 0x0000000084000000, 0x0000000084000000|100%| O|  |TAMS 0x0000000084000000, 0x0000000083f00000| Untracked 
|  64|0x0000000084000000, 0x0000000084100000, 0x0000000084100000|100%| O|  |TAMS 0x0000000084100000, 0x0000000084000000| Untracked 
|  65|0x0000000084100000, 0x0000000084200000, 0x0000000084200000|100%| O|  |TAMS 0x0000000084200000, 0x0000000084100000| Untracked 
|  66|0x0000000084200000, 0x0000000084300000, 0x0000000084300000|100%| O|  |TAMS 0x0000000084300000, 0x0000000084200000| Untracked 
|  67|0x0000000084300000, 0x0000000084400000, 0x0000000084400000|100%| O|  |TAMS 0x0000000084400000, 0x0000000084300000| Untracked 
|  68|0x0000000084400000, 0x0000000084500000, 0x0000000084500000|100%| O|  |TAMS 0x0000000084500000, 0x0000000084400000| Untracked 
|  69|0x0000000084500000, 0x0000000084600000, 0x0000000084600000|100%| O|  |TAMS 0x0000000084600000, 0x0000000084500000| Untracked 
|  70|0x0000000084600000, 0x0000000084700000, 0x0000000084700000|100%| O|  |TAMS 0x0000000084700000, 0x0000000084600000| Untracked 
|  71|0x0000000084700000, 0x0000000084800000, 0x0000000084800000|100%| O|  |TAMS 0x0000000084800000, 0x0000000084700000| Untracked 
|  72|0x0000000084800000, 0x0000000084900000, 0x0000000084900000|100%| O|  |TAMS 0x0000000084900000, 0x0000000084800000| Untracked 
|  73|0x0000000084900000, 0x0000000084a00000, 0x0000000084a00000|100%| O|  |TAMS 0x0000000084a00000, 0x0000000084900000| Untracked 
|  74|0x0000000084a00000, 0x0000000084b00000, 0x0000000084b00000|100%| O|  |TAMS 0x0000000084b00000, 0x0000000084a00000| Untracked 
|  75|0x0000000084b00000, 0x0000000084c00000, 0x0000000084c00000|100%| O|  |TAMS 0x0000000084c00000, 0x0000000084b00000| Untracked 
|  76|0x0000000084c00000, 0x0000000084d00000, 0x0000000084d00000|100%| O|  |TAMS 0x0000000084d00000, 0x0000000084c00000| Untracked 
|  77|0x0000000084d00000, 0x0000000084e00000, 0x0000000084e00000|100%| O|  |TAMS 0x0000000084e00000, 0x0000000084d00000| Untracked 
|  78|0x0000000084e00000, 0x0000000084f00000, 0x0000000084f00000|100%| O|  |TAMS 0x0000000084f00000, 0x0000000084e00000| Untracked 
|  79|0x0000000084f00000, 0x0000000085000000, 0x0000000085000000|100%| O|  |TAMS 0x0000000085000000, 0x0000000084f00000| Untracked 
|  80|0x0000000085000000, 0x0000000085100000, 0x0000000085100000|100%| O|  |TAMS 0x0000000085100000, 0x0000000085000000| Untracked 
|  81|0x0000000085100000, 0x0000000085200000, 0x0000000085200000|100%| O|  |TAMS 0x0000000085200000, 0x0000000085100000| Untracked 
|  82|0x0000000085200000, 0x0000000085300000, 0x0000000085300000|100%| O|  |TAMS 0x0000000085300000, 0x0000000085200000| Untracked 
|  83|0x0000000085300000, 0x0000000085400000, 0x0000000085400000|100%| O|  |TAMS 0x0000000085400000, 0x0000000085300000| Untracked 
|  84|0x0000000085400000, 0x0000000085500000, 0x0000000085500000|100%| O|  |TAMS 0x0000000085500000, 0x0000000085400000| Untracked 
|  85|0x0000000085500000, 0x0000000085600000, 0x0000000085600000|100%| O|  |TAMS 0x0000000085600000, 0x0000000085500000| Untracked 
|  86|0x0000000085600000, 0x0000000085700000, 0x0000000085700000|100%| O|  |TAMS 0x0000000085700000, 0x0000000085600000| Untracked 
|  87|0x0000000085700000, 0x0000000085800000, 0x0000000085800000|100%| O|  |TAMS 0x0000000085800000, 0x0000000085700000| Untracked 
|  88|0x0000000085800000, 0x0000000085900000, 0x0000000085900000|100%| O|  |TAMS 0x0000000085900000, 0x0000000085800000| Untracked 
|  89|0x0000000085900000, 0x0000000085a00000, 0x0000000085a00000|100%| O|  |TAMS 0x0000000085a00000, 0x0000000085900000| Untracked 
|  90|0x0000000085a00000, 0x0000000085b00000, 0x0000000085b00000|100%| O|  |TAMS 0x0000000085b00000, 0x0000000085a00000| Untracked 
|  91|0x0000000085b00000, 0x0000000085c00000, 0x0000000085c00000|100%| O|  |TAMS 0x0000000085c00000, 0x0000000085b00000| Untracked 
|  92|0x0000000085c00000, 0x0000000085d00000, 0x0000000085d00000|100%| O|  |TAMS 0x0000000085d00000, 0x0000000085c00000| Untracked 
|  93|0x0000000085d00000, 0x0000000085e00000, 0x0000000085e00000|100%| O|  |TAMS 0x0000000085e00000, 0x0000000085d00000| Untracked 
|  94|0x0000000085e00000, 0x0000000085f00000, 0x0000000085f00000|100%| O|  |TAMS 0x0000000085f00000, 0x0000000085e00000| Untracked 
|  95|0x0000000085f00000, 0x0000000086000000, 0x0000000086000000|100%| O|  |TAMS 0x0000000086000000, 0x0000000085f00000| Untracked 
|  96|0x0000000086000000, 0x0000000086100000, 0x0000000086100000|100%| O|  |TAMS 0x0000000086100000, 0x0000000086000000| Untracked 
|  97|0x0000000086100000, 0x0000000086200000, 0x0000000086200000|100%| O|  |TAMS 0x0000000086200000, 0x0000000086100000| Untracked 
|  98|0x0000000086200000, 0x0000000086300000, 0x0000000086300000|100%| O|  |TAMS 0x0000000086300000, 0x0000000086200000| Untracked 
|  99|0x0000000086300000, 0x0000000086400000, 0x0000000086400000|100%| O|  |TAMS 0x0000000086400000, 0x0000000086300000| Untracked 
| 100|0x0000000086400000, 0x0000000086500000, 0x0000000086500000|100%| O|  |TAMS 0x0000000086423600, 0x0000000086400000| Untracked 
| 101|0x0000000086500000, 0x0000000086500000, 0x0000000086600000|  0%| F|  |TAMS 0x0000000086500000, 0x0000000086500000| Untracked 
| 102|0x0000000086600000, 0x0000000086600000, 0x0000000086700000|  0%| F|  |TAMS 0x0000000086600000, 0x0000000086600000| Untracked 
| 103|0x0000000086700000, 0x0000000086700000, 0x0000000086800000|  0%| F|  |TAMS 0x0000000086700000, 0x0000000086700000| Untracked 
| 104|0x0000000086800000, 0x0000000086800000, 0x0000000086900000|  0%| F|  |TAMS 0x0000000086800000, 0x0000000086800000| Untracked 
| 105|0x0000000086900000, 0x0000000086900000, 0x0000000086a00000|  0%| F|  |TAMS 0x0000000086900000, 0x0000000086900000| Untracked 
| 106|0x0000000086a00000, 0x0000000086a00000, 0x0000000086b00000|  0%| F|  |TAMS 0x0000000086a00000, 0x0000000086a00000| Untracked 
| 107|0x0000000086b00000, 0x0000000086b00000, 0x0000000086c00000|  0%| F|  |TAMS 0x0000000086b00000, 0x0000000086b00000| Untracked 
| 108|0x0000000086c00000, 0x0000000086c00000, 0x0000000086d00000|  0%| F|  |TAMS 0x0000000086c00000, 0x0000000086c00000| Untracked 
| 109|0x0000000086d00000, 0x0000000086d00000, 0x0000000086e00000|  0%| F|  |TAMS 0x0000000086d00000, 0x0000000086d00000| Untracked 
| 110|0x0000000086e00000, 0x0000000086e91400, 0x0000000086f00000| 56%| O|  |TAMS 0x0000000086e00000, 0x0000000086e00000| Untracked 
| 111|0x0000000086f00000, 0x0000000086f00000, 0x0000000087000000|  0%| F|  |TAMS 0x0000000086f00000, 0x0000000086f00000| Untracked 
| 112|0x0000000087000000, 0x0000000087000000, 0x0000000087100000|  0%| F|  |TAMS 0x0000000087000000, 0x0000000087000000| Untracked 
| 113|0x0000000087100000, 0x0000000087100000, 0x0000000087200000|  0%| F|  |TAMS 0x0000000087100000, 0x0000000087100000| Untracked 
| 114|0x0000000087200000, 0x0000000087200000, 0x0000000087300000|  0%| F|  |TAMS 0x0000000087200000, 0x0000000087200000| Untracked 
| 115|0x0000000087300000, 0x0000000087300000, 0x0000000087400000|  0%| F|  |TAMS 0x0000000087300000, 0x0000000087300000| Untracked 
| 116|0x0000000087400000, 0x0000000087400000, 0x0000000087500000|  0%| F|  |TAMS 0x0000000087400000, 0x0000000087400000| Untracked 
| 117|0x0000000087500000, 0x0000000087500000, 0x0000000087600000|  0%| F|  |TAMS 0x0000000087500000, 0x0000000087500000| Untracked 
| 118|0x0000000087600000, 0x0000000087600000, 0x0000000087700000|  0%| F|  |TAMS 0x0000000087600000, 0x0000000087600000| Untracked 
| 119|0x0000000087700000, 0x0000000087700000, 0x0000000087800000|  0%| F|  |TAMS 0x0000000087700000, 0x0000000087700000| Untracked 
| 120|0x0000000087800000, 0x0000000087800000, 0x0000000087900000|  0%| F|  |TAMS 0x0000000087800000, 0x0000000087800000| Untracked 
| 121|0x0000000087900000, 0x0000000087900000, 0x0000000087a00000|  0%| F|  |TAMS 0x0000000087900000, 0x0000000087900000| Untracked 
| 122|0x0000000087a00000, 0x0000000087a00000, 0x0000000087b00000|  0%| F|  |TAMS 0x0000000087a00000, 0x0000000087a00000| Untracked 
| 123|0x0000000087b00000, 0x0000000087b00000, 0x0000000087c00000|  0%| F|  |TAMS 0x0000000087b00000, 0x0000000087b00000| Untracked 
| 124|0x0000000087c00000, 0x0000000087c00000, 0x0000000087d00000|  0%| F|  |TAMS 0x0000000087c00000, 0x0000000087c00000| Untracked 
| 125|0x0000000087d00000, 0x0000000087d00000, 0x0000000087e00000|  0%| F|  |TAMS 0x0000000087d00000, 0x0000000087d00000| Untracked 
| 126|0x0000000087e00000, 0x0000000087e00000, 0x0000000087f00000|  0%| F|  |TAMS 0x0000000087e00000, 0x0000000087e00000| Untracked 
| 127|0x0000000087f00000, 0x0000000087f00000, 0x0000000088000000|  0%| F|  |TAMS 0x0000000087f00000, 0x0000000087f00000| Untracked 
| 128|0x0000000088000000, 0x0000000088000000, 0x0000000088100000|  0%| F|  |TAMS 0x0000000088000000, 0x0000000088000000| Untracked 
| 129|0x0000000088100000, 0x0000000088100000, 0x0000000088200000|  0%| F|  |TAMS 0x0000000088100000, 0x0000000088100000| Untracked 
| 130|0x0000000088200000, 0x0000000088200000, 0x0000000088300000|  0%| F|  |TAMS 0x0000000088200000, 0x0000000088200000| Untracked 
| 131|0x0000000088300000, 0x0000000088300000, 0x0000000088400000|  0%| F|  |TAMS 0x0000000088300000, 0x0000000088300000| Untracked 
| 132|0x0000000088400000, 0x0000000088431b68, 0x0000000088500000| 19%| S|CS|TAMS 0x0000000088400000, 0x0000000088400000| Complete 
| 133|0x0000000088500000, 0x0000000088600000, 0x0000000088600000|100%| S|CS|TAMS 0x0000000088500000, 0x0000000088500000| Complete 
| 134|0x0000000088600000, 0x0000000088700000, 0x0000000088700000|100%| S|CS|TAMS 0x0000000088600000, 0x0000000088600000| Complete 
| 135|0x0000000088700000, 0x0000000088800000, 0x0000000088800000|100%| S|CS|TAMS 0x0000000088700000, 0x0000000088700000| Complete 
| 136|0x0000000088800000, 0x0000000088900000, 0x0000000088900000|100%| S|CS|TAMS 0x0000000088800000, 0x0000000088800000| Complete 
| 137|0x0000000088900000, 0x0000000088a00000, 0x0000000088a00000|100%| S|CS|TAMS 0x0000000088900000, 0x0000000088900000| Complete 
| 138|0x0000000088a00000, 0x0000000088b00000, 0x0000000088b00000|100%| S|CS|TAMS 0x0000000088a00000, 0x0000000088a00000| Complete 
| 139|0x0000000088b00000, 0x0000000088b00000, 0x0000000088c00000|  0%| F|  |TAMS 0x0000000088b00000, 0x0000000088b00000| Untracked 
| 140|0x0000000088c00000, 0x0000000088c00000, 0x0000000088d00000|  0%| F|  |TAMS 0x0000000088c00000, 0x0000000088c00000| Untracked 
| 141|0x0000000088d00000, 0x0000000088d00000, 0x0000000088e00000|  0%| F|  |TAMS 0x0000000088d00000, 0x0000000088d00000| Untracked 
| 142|0x0000000088e00000, 0x0000000088e00000, 0x0000000088f00000|  0%| F|  |TAMS 0x0000000088e00000, 0x0000000088e00000| Untracked 
| 143|0x0000000088f00000, 0x0000000088f00000, 0x0000000089000000|  0%| F|  |TAMS 0x0000000088f00000, 0x0000000088f00000| Untracked 
| 144|0x0000000089000000, 0x0000000089000000, 0x0000000089100000|  0%| F|  |TAMS 0x0000000089000000, 0x0000000089000000| Untracked 
| 145|0x0000000089100000, 0x0000000089100000, 0x0000000089200000|  0%| F|  |TAMS 0x0000000089100000, 0x0000000089100000| Untracked 
| 146|0x0000000089200000, 0x0000000089200000, 0x0000000089300000|  0%| F|  |TAMS 0x0000000089200000, 0x0000000089200000| Untracked 
| 147|0x0000000089300000, 0x0000000089300000, 0x0000000089400000|  0%| F|  |TAMS 0x0000000089300000, 0x0000000089300000| Untracked 
| 148|0x0000000089400000, 0x0000000089400000, 0x0000000089500000|  0%| F|  |TAMS 0x0000000089400000, 0x0000000089400000| Untracked 
| 149|0x0000000089500000, 0x0000000089500000, 0x0000000089600000|  0%| F|  |TAMS 0x0000000089500000, 0x0000000089500000| Untracked 
| 150|0x0000000089600000, 0x0000000089600000, 0x0000000089700000|  0%| F|  |TAMS 0x0000000089600000, 0x0000000089600000| Untracked 
| 151|0x0000000089700000, 0x0000000089700000, 0x0000000089800000|  0%| F|  |TAMS 0x0000000089700000, 0x0000000089700000| Untracked 
| 152|0x0000000089800000, 0x0000000089800000, 0x0000000089900000|  0%| F|  |TAMS 0x0000000089800000, 0x0000000089800000| Untracked 
| 153|0x0000000089900000, 0x0000000089900000, 0x0000000089a00000|  0%| F|  |TAMS 0x0000000089900000, 0x0000000089900000| Untracked 
| 154|0x0000000089a00000, 0x0000000089a00000, 0x0000000089b00000|  0%| F|  |TAMS 0x0000000089a00000, 0x0000000089a00000| Untracked 
| 155|0x0000000089b00000, 0x0000000089b00000, 0x0000000089c00000|  0%| F|  |TAMS 0x0000000089b00000, 0x0000000089b00000| Untracked 
| 156|0x0000000089c00000, 0x0000000089c00000, 0x0000000089d00000|  0%| F|  |TAMS 0x0000000089c00000, 0x0000000089c00000| Untracked 
| 157|0x0000000089d00000, 0x0000000089d00000, 0x0000000089e00000|  0%| F|  |TAMS 0x0000000089d00000, 0x0000000089d00000| Untracked 
| 158|0x0000000089e00000, 0x0000000089e00000, 0x0000000089f00000|  0%| F|  |TAMS 0x0000000089e00000, 0x0000000089e00000| Untracked 
| 159|0x0000000089f00000, 0x0000000089f00000, 0x000000008a000000|  0%| F|  |TAMS 0x0000000089f00000, 0x0000000089f00000| Untracked 
| 160|0x000000008a000000, 0x000000008a000000, 0x000000008a100000|  0%| F|  |TAMS 0x000000008a000000, 0x000000008a000000| Untracked 
| 161|0x000000008a100000, 0x000000008a100000, 0x000000008a200000|  0%| F|  |TAMS 0x000000008a100000, 0x000000008a100000| Untracked 
| 162|0x000000008a200000, 0x000000008a200000, 0x000000008a300000|  0%| F|  |TAMS 0x000000008a200000, 0x000000008a200000| Untracked 
| 163|0x000000008a300000, 0x000000008a300000, 0x000000008a400000|  0%| F|  |TAMS 0x000000008a300000, 0x000000008a300000| Untracked 
| 164|0x000000008a400000, 0x000000008a400000, 0x000000008a500000|  0%| F|  |TAMS 0x000000008a400000, 0x000000008a400000| Untracked 
| 165|0x000000008a500000, 0x000000008a500000, 0x000000008a600000|  0%| F|  |TAMS 0x000000008a500000, 0x000000008a500000| Untracked 
| 166|0x000000008a600000, 0x000000008a600000, 0x000000008a700000|  0%| F|  |TAMS 0x000000008a600000, 0x000000008a600000| Untracked 
| 167|0x000000008a700000, 0x000000008a700000, 0x000000008a800000|  0%| F|  |TAMS 0x000000008a700000, 0x000000008a700000| Untracked 
| 168|0x000000008a800000, 0x000000008a800000, 0x000000008a900000|  0%| F|  |TAMS 0x000000008a800000, 0x000000008a800000| Untracked 
| 169|0x000000008a900000, 0x000000008a900000, 0x000000008aa00000|  0%| F|  |TAMS 0x000000008a900000, 0x000000008a900000| Untracked 
| 170|0x000000008aa00000, 0x000000008aa00000, 0x000000008ab00000|  0%| F|  |TAMS 0x000000008aa00000, 0x000000008aa00000| Untracked 
| 171|0x000000008ab00000, 0x000000008ab00000, 0x000000008ac00000|  0%| F|  |TAMS 0x000000008ab00000, 0x000000008ab00000| Untracked 
| 172|0x000000008ac00000, 0x000000008ac00000, 0x000000008ad00000|  0%| F|  |TAMS 0x000000008ac00000, 0x000000008ac00000| Untracked 
| 173|0x000000008ad00000, 0x000000008ad00000, 0x000000008ae00000|  0%| F|  |TAMS 0x000000008ad00000, 0x000000008ad00000| Untracked 
| 174|0x000000008ae00000, 0x000000008ae34950, 0x000000008af00000| 20%| E|  |TAMS 0x000000008ae00000, 0x000000008ae00000| Complete 
| 175|0x000000008af00000, 0x000000008b000000, 0x000000008b000000|100%| E|CS|TAMS 0x000000008af00000, 0x000000008af00000| Complete 
| 176|0x000000008b000000, 0x000000008b100000, 0x000000008b100000|100%| E|CS|TAMS 0x000000008b000000, 0x000000008b000000| Complete 
| 177|0x000000008b100000, 0x000000008b200000, 0x000000008b200000|100%| E|CS|TAMS 0x000000008b100000, 0x000000008b100000| Complete 
| 178|0x000000008b200000, 0x000000008b300000, 0x000000008b300000|100%| E|CS|TAMS 0x000000008b200000, 0x000000008b200000| Complete 
| 179|0x000000008b300000, 0x000000008b400000, 0x000000008b400000|100%| E|CS|TAMS 0x000000008b300000, 0x000000008b300000| Complete 
| 180|0x000000008b400000, 0x000000008b500000, 0x000000008b500000|100%| E|CS|TAMS 0x000000008b400000, 0x000000008b400000| Complete 
| 181|0x000000008b500000, 0x000000008b600000, 0x000000008b600000|100%| E|CS|TAMS 0x000000008b500000, 0x000000008b500000| Complete 
| 182|0x000000008b600000, 0x000000008b700000, 0x000000008b700000|100%| E|CS|TAMS 0x000000008b600000, 0x000000008b600000| Complete 
| 183|0x000000008b700000, 0x000000008b800000, 0x000000008b800000|100%| E|CS|TAMS 0x000000008b700000, 0x000000008b700000| Complete 
| 184|0x000000008b800000, 0x000000008b900000, 0x000000008b900000|100%| E|CS|TAMS 0x000000008b800000, 0x000000008b800000| Complete 
| 185|0x000000008b900000, 0x000000008ba00000, 0x000000008ba00000|100%| E|CS|TAMS 0x000000008b900000, 0x000000008b900000| Complete 
| 186|0x000000008ba00000, 0x000000008bb00000, 0x000000008bb00000|100%| E|CS|TAMS 0x000000008ba00000, 0x000000008ba00000| Complete 
| 187|0x000000008bb00000, 0x000000008bc00000, 0x000000008bc00000|100%| E|CS|TAMS 0x000000008bb00000, 0x000000008bb00000| Complete 
| 188|0x000000008bc00000, 0x000000008bd00000, 0x000000008bd00000|100%| E|CS|TAMS 0x000000008bc00000, 0x000000008bc00000| Complete 
| 189|0x000000008bd00000, 0x000000008be00000, 0x000000008be00000|100%| E|CS|TAMS 0x000000008bd00000, 0x000000008bd00000| Complete 
| 190|0x000000008be00000, 0x000000008bf00000, 0x000000008bf00000|100%| E|CS|TAMS 0x000000008be00000, 0x000000008be00000| Complete 
| 191|0x000000008bf00000, 0x000000008c000000, 0x000000008c000000|100%| E|CS|TAMS 0x000000008bf00000, 0x000000008bf00000| Complete 
| 192|0x000000008c000000, 0x000000008c100000, 0x000000008c100000|100%| E|CS|TAMS 0x000000008c000000, 0x000000008c000000| Complete 
| 193|0x000000008c100000, 0x000000008c200000, 0x000000008c200000|100%| E|CS|TAMS 0x000000008c100000, 0x000000008c100000| Complete 
| 194|0x000000008c200000, 0x000000008c300000, 0x000000008c300000|100%| E|CS|TAMS 0x000000008c200000, 0x000000008c200000| Complete 
| 195|0x000000008c300000, 0x000000008c400000, 0x000000008c400000|100%| E|CS|TAMS 0x000000008c300000, 0x000000008c300000| Complete 
| 196|0x000000008c400000, 0x000000008c500000, 0x000000008c500000|100%| E|CS|TAMS 0x000000008c400000, 0x000000008c400000| Complete 

Card table byte_map: [0x0000015d71e10000,0x0000015d72210000] _byte_map_base: 0x0000015d71a10000

Marking Bits (Prev, Next): (CMBitMap*) 0x0000015d6c0f22c0, (CMBitMap*) 0x0000015d6c0f2288
 Prev Bits: [0x0000015d74610000, 0x0000015d76610000)
 Next Bits: [0x0000015d72610000, 0x0000015d74610000)

Polling page: 0x0000015d6bea0000

Metaspace:

Usage:
  Non-class:    106.44 MB capacity,   104.15 MB ( 98%) used,     1.85 MB (  2%) free+waste,   455.62 KB ( <1%) overhead. 
      Class:     16.90 MB capacity,    15.47 MB ( 92%) used,     1.22 MB (  7%) free+waste,   211.25 KB (  1%) overhead. 
       Both:    123.34 MB capacity,   119.62 MB ( 97%) used,     3.07 MB (  2%) free+waste,   666.88 KB ( <1%) overhead. 

Virtual space:
  Non-class space:      108.00 MB reserved,     106.63 MB ( 99%) committed 
      Class space:        1.00 GB reserved,      16.99 MB (  2%) committed 
             Both:        1.11 GB reserved,     123.62 MB ( 11%) committed 

Chunk freelists:
   Non-Class:  0 bytes
       Class:  0 bytes
        Both:  0 bytes

MaxMetaspaceSize: 17179869184.00 GB
CompressedClassSpaceSize: 1.00 GB
Initial GC threshold: 20.80 MB
Current GC threshold: 199.37 MB
CDS: off

CodeHeap 'non-profiled nmethods': size=120064Kb used=9104Kb max_used=9104Kb free=110959Kb
 bounds [0x0000015d07ac0000, 0x0000015d083b0000, 0x0000015d0f000000]
CodeHeap 'profiled nmethods': size=120000Kb used=34824Kb max_used=34824Kb free=85175Kb
 bounds [0x0000015d00590000, 0x0000015d027a0000, 0x0000015d07ac0000]
CodeHeap 'non-nmethods': size=5696Kb used=2465Kb max_used=2516Kb free=3230Kb
 bounds [0x0000015d00000000, 0x0000015d00280000, 0x0000015d00590000]
 total_blobs=16787 nmethods=15778 adapters=920
 compilation: enabled
              stopped_count=0, restarted_count=0
 full_count=0

Compilation events (20 events):
Event: 151.071 Thread 0x0000015d78c15800 15903       3       sun.nio.ch.SocketDispatcher::write (8 bytes)
Event: 151.072 Thread 0x0000015d78c15800 nmethod 15903 0x0000015d02777b10 code [0x0000015d02777cc0, 0x0000015d02777de8]
Event: 151.082 Thread 0x0000015d78c15800 15905       1       org.gradle.internal.logging.events.ProgressCompleteEvent::isFailed (5 bytes)
Event: 151.083 Thread 0x0000015d78c15800 nmethod 15905 0x0000015d0839f410 code [0x0000015d0839f5c0, 0x0000015d0839f678]
Event: 151.083 Thread 0x0000015d78c15800 15906       3       org.gradle.internal.serialize.Serializers$StatefulSerializerAdapter$2::write (18 bytes)
Event: 151.084 Thread 0x0000015d78c15800 nmethod 15906 0x0000015d02777e90 code [0x0000015d02778060, 0x0000015d02778248]
Event: 151.084 Thread 0x0000015d78c15800 15907   !   3       org.gradle.internal.remote.internal.inet.SocketConnection::flush (46 bytes)
Event: 151.085 Thread 0x0000015d78c15800 nmethod 15907 0x0000015d02778390 code [0x0000015d02778640, 0x0000015d02779328]
Event: 151.085 Thread 0x0000015d78c15800 15908   !   3       java.nio.DirectByteBuffer::compact (99 bytes)
Event: 151.087 Thread 0x0000015d78c15800 nmethod 15908 0x0000015d02779810 code [0x0000015d02779a40, 0x0000015d0277a0e8]
Event: 151.087 Thread 0x0000015d78c15800 15909   !   3       sun.nio.ch.SocketChannelImpl::beginWrite (52 bytes)
Event: 151.088 Thread 0x0000015d78c15800 nmethod 15909 0x0000015d0277a410 code [0x0000015d0277a640, 0x0000015d0277ad08]
Event: 151.088 Thread 0x0000015d78c15800 15910   !   3       sun.nio.ch.SocketChannelImpl::endWrite (49 bytes)
Event: 151.088 Thread 0x0000015d78c15800 nmethod 15910 0x0000015d0277b090 code [0x0000015d0277b260, 0x0000015d0277b618]
Event: 151.089 Thread 0x0000015d78c15800 15911   !   3       org.gradle.launcher.daemon.server.SynchronizedDispatchConnection::dispatchAndFlush (118 bytes)
Event: 151.092 Thread 0x0000015d78c15800 nmethod 15911 0x0000015d0277b790 code [0x0000015d0277ba80, 0x0000015d0277cb28]
Event: 151.092 Thread 0x0000015d78c15800 15912   !   3       org.gradle.internal.remote.internal.inet.SocketConnection::dispatch (134 bytes)
Event: 151.092 Thread 0x0000015d78c10800 nmethod 15828 0x0000015d0839f710 code [0x0000015d0839f9c0, 0x0000015d083a1958]
Event: 151.097 Thread 0x0000015d78c15800 nmethod 15912 0x0000015d0277d290 code [0x0000015d0277d840, 0x0000015d02780a08]
Event: 151.101 Thread 0x0000015d78c15800 15914       3       org.gradle.execution.plan.DefaultExecutionPlan::selectNext (323 bytes)

GC Heap History (20 events):
Event: 25.743 GC heap before
{Heap before GC invocations=23 (full 0):
 garbage-first heap   total 167936K, used 129190K [0x0000000080000000, 0x0000000100000000)
  region size 1024K, 66 young (67584K), 7 survivors (7168K)
 Metaspace       used 85771K, capacity 87899K, committed 88188K, reserved 1126400K
  class space    used 11118K, capacity 11927K, committed 12024K, reserved 1048576K
}
Event: 25.790 GC heap after
{Heap after GC invocations=24 (full 0):
 garbage-first heap   total 167936K, used 75292K [0x0000000080000000, 0x0000000100000000)
  region size 1024K, 9 young (9216K), 9 survivors (9216K)
 Metaspace       used 85771K, capacity 87899K, committed 88188K, reserved 1126400K
  class space    used 11118K, capacity 11927K, committed 12024K, reserved 1048576K
}
Event: 27.393 GC heap before
{Heap before GC invocations=24 (full 0):
 garbage-first heap   total 167936K, used 130588K [0x0000000080000000, 0x0000000100000000)
  region size 1024K, 64 young (65536K), 9 survivors (9216K)
 Metaspace       used 88140K, capacity 90417K, committed 90492K, reserved 1128448K
  class space    used 11369K, capacity 12224K, committed 12280K, reserved 1048576K
}
Event: 27.432 GC heap after
{Heap after GC invocations=25 (full 0):
 garbage-first heap   total 167936K, used 83907K [0x0000000080000000, 0x0000000100000000)
  region size 1024K, 8 young (8192K), 8 survivors (8192K)
 Metaspace       used 88140K, capacity 90417K, committed 90492K, reserved 1128448K
  class space    used 11369K, capacity 12224K, committed 12280K, reserved 1048576K
}
Event: 29.327 GC heap before
{Heap before GC invocations=25 (full 0):
 garbage-first heap   total 167936K, used 133059K [0x0000000080000000, 0x0000000100000000)
  region size 1024K, 57 young (58368K), 8 survivors (8192K)
 Metaspace       used 89850K, capacity 92270K, committed 92540K, reserved 1130496K
  class space    used 11604K, capacity 12514K, committed 12536K, reserved 1048576K
}
Event: 29.353 GC heap after
{Heap after GC invocations=26 (full 0):
 garbage-first heap   total 201728K, used 88218K [0x0000000080000000, 0x0000000100000000)
  region size 1024K, 4 young (4096K), 4 survivors (4096K)
 Metaspace       used 89850K, capacity 92270K, committed 92540K, reserved 1130496K
  class space    used 11604K, capacity 12514K, committed 12536K, reserved 1048576K
}
Event: 31.428 GC heap before
{Heap before GC invocations=27 (full 0):
 garbage-first heap   total 201728K, used 147610K [0x0000000080000000, 0x0000000100000000)
  region size 1024K, 63 young (64512K), 4 survivors (4096K)
 Metaspace       used 92119K, capacity 94581K, committed 94716K, reserved 1130496K
  class space    used 11880K, capacity 12819K, committed 12920K, reserved 1048576K
}
Event: 31.446 GC heap after
{Heap after GC invocations=28 (full 0):
 garbage-first heap   total 201728K, used 91316K [0x0000000080000000, 0x0000000100000000)
  region size 1024K, 7 young (7168K), 7 survivors (7168K)
 Metaspace       used 92119K, capacity 94581K, committed 94716K, reserved 1130496K
  class space    used 11880K, capacity 12819K, committed 12920K, reserved 1048576K
}
Event: 32.424 GC heap before
{Heap before GC invocations=28 (full 0):
 garbage-first heap   total 201728K, used 152756K [0x0000000080000000, 0x0000000100000000)
  region size 1024K, 67 young (68608K), 7 survivors (7168K)
 Metaspace       used 96703K, capacity 99155K, committed 99324K, reserved 1134592K
  class space    used 12417K, capacity 13339K, committed 13432K, reserved 1048576K
}
Event: 32.446 GC heap after
{Heap after GC invocations=29 (full 0):
 garbage-first heap   total 201728K, used 94368K [0x0000000080000000, 0x0000000100000000)
  region size 1024K, 7 young (7168K), 7 survivors (7168K)
 Metaspace       used 96703K, capacity 99155K, committed 99324K, reserved 1134592K
  class space    used 12417K, capacity 13339K, committed 13432K, reserved 1048576K
}
Event: 36.321 GC heap before
{Heap before GC invocations=29 (full 0):
 garbage-first heap   total 201728K, used 156832K [0x0000000080000000, 0x0000000100000000)
  region size 1024K, 69 young (70656K), 7 survivors (7168K)
 Metaspace       used 99071K, capacity 101608K, committed 101756K, reserved 1136640K
  class space    used 12735K, capacity 13713K, committed 13816K, reserved 1048576K
}
Event: 36.344 GC heap after
{Heap after GC invocations=30 (full 0):
 garbage-first heap   total 201728K, used 97214K [0x0000000080000000, 0x0000000100000000)
  region size 1024K, 6 young (6144K), 6 survivors (6144K)
 Metaspace       used 99071K, capacity 101608K, committed 101756K, reserved 1136640K
  class space    used 12735K, capacity 13713K, committed 13816K, reserved 1048576K
}
Event: 56.738 GC heap before
{Heap before GC invocations=30 (full 0):
 garbage-first heap   total 201728K, used 160702K [0x0000000080000000, 0x0000000100000000)
  region size 1024K, 69 young (70656K), 6 survivors (6144K)
 Metaspace       used 103850K, capacity 106908K, committed 107132K, reserved 1142784K
  class space    used 13425K, capacity 14549K, committed 14584K, reserved 1048576K
}
Event: 56.776 GC heap after
{Heap after GC invocations=31 (full 0):
 garbage-first heap   total 201728K, used 103315K [0x0000000080000000, 0x0000000100000000)
  region size 1024K, 9 young (9216K), 9 survivors (9216K)
 Metaspace       used 103850K, capacity 106908K, committed 107132K, reserved 1142784K
  class space    used 13425K, capacity 14549K, committed 14584K, reserved 1048576K
}
Event: 59.473 GC heap before
{Heap before GC invocations=32 (full 0):
 garbage-first heap   total 201728K, used 162707K [0x0000000080000000, 0x0000000100000000)
  region size 1024K, 68 young (69632K), 9 survivors (9216K)
 Metaspace       used 114911K, capacity 118564K, committed 118908K, reserved 1150976K
  class space    used 15098K, capacity 16487K, committed 16632K, reserved 1048576K
}
Event: 59.500 GC heap after
{Heap after GC invocations=33 (full 0):
 garbage-first heap   total 201728K, used 105363K [0x0000000080000000, 0x0000000100000000)
  region size 1024K, 3 young (3072K), 3 survivors (3072K)
 Metaspace       used 114911K, capacity 118564K, committed 118908K, reserved 1150976K
  class space    used 15098K, capacity 16487K, committed 16632K, reserved 1048576K
}
Event: 61.187 GC heap before
{Heap before GC invocations=33 (full 0):
 garbage-first heap   total 201728K, used 130963K [0x0000000080000000, 0x0000000100000000)
  region size 1024K, 30 young (30720K), 3 survivors (3072K)
 Metaspace       used 117692K, capacity 121391K, committed 121596K, reserved 1155072K
  class space    used 15471K, capacity 16926K, committed 17016K, reserved 1048576K
}
Event: 61.202 GC heap after
{Heap after GC invocations=34 (full 0):
 garbage-first heap   total 201728K, used 106972K [0x0000000080000000, 0x0000000100000000)
  region size 1024K, 5 young (5120K), 5 survivors (5120K)
 Metaspace       used 117692K, capacity 121391K, committed 121596K, reserved 1155072K
  class space    used 15471K, capacity 16926K, committed 17016K, reserved 1048576K
}
Event: 150.177 GC heap before
{Heap before GC invocations=35 (full 0):
 garbage-first heap   total 201728K, used 169436K [0x0000000080000000, 0x0000000100000000)
  region size 1024K, 58 young (59392K), 5 survivors (5120K)
 Metaspace       used 122130K, capacity 125956K, committed 126076K, reserved 1159168K
  class space    used 15837K, capacity 17287K, committed 17400K, reserved 1048576K
}
Event: 150.204 GC heap after
{Heap after GC invocations=36 (full 0):
 garbage-first heap   total 201728K, used 110347K [0x0000000080000000, 0x0000000100000000)
  region size 1024K, 7 young (7168K), 7 survivors (7168K)
 Metaspace       used 122130K, capacity 125956K, committed 126076K, reserved 1159168K
  class space    used 15837K, capacity 17287K, committed 17400K, reserved 1048576K
}

Deoptimization events (20 events):
Event: 149.785 Thread 0x0000015d79d79000 DEOPT PACKING pc=0x0000015d0833c794 sp=0x0000001a607f62f0
Event: 149.785 Thread 0x0000015d79d79000 DEOPT UNPACKING pc=0x0000015d0004a1af sp=0x0000001a607f62a0 mode 2
Event: 149.788 Thread 0x0000015d79d79000 Uncommon trap: trap_request=0xffffffd6 fr.pc=0x0000015d0833c794 relative=0x0000000000000b54
Event: 149.788 Thread 0x0000015d79d79000 Uncommon trap: reason=array_check action=maybe_recompile pc=0x0000015d0833c794 method=com.google.common.collect.RegularImmutableMap.fromEntryArray(I[Ljava/util/Map$Entry;)Lcom/google/common/collect/ImmutableMap; @ 157 c2
Event: 149.788 Thread 0x0000015d79d79000 DEOPT PACKING pc=0x0000015d0833c794 sp=0x0000001a607f62f0
Event: 149.788 Thread 0x0000015d79d79000 DEOPT UNPACKING pc=0x0000015d0004a1af sp=0x0000001a607f62a0 mode 2
Event: 149.789 Thread 0x0000015d79d79000 Uncommon trap: trap_request=0xffffffd6 fr.pc=0x0000015d0833c794 relative=0x0000000000000b54
Event: 149.789 Thread 0x0000015d79d79000 Uncommon trap: reason=array_check action=maybe_recompile pc=0x0000015d0833c794 method=com.google.common.collect.RegularImmutableMap.fromEntryArray(I[Ljava/util/Map$Entry;)Lcom/google/common/collect/ImmutableMap; @ 157 c2
Event: 149.789 Thread 0x0000015d79d79000 DEOPT PACKING pc=0x0000015d0833c794 sp=0x0000001a607f62f0
Event: 149.789 Thread 0x0000015d79d79000 DEOPT UNPACKING pc=0x0000015d0004a1af sp=0x0000001a607f62a0 mode 2
Event: 150.076 Thread 0x0000015d79d79000 DEOPT PACKING pc=0x0000015d013e6824 sp=0x0000001a607f7210
Event: 150.076 Thread 0x0000015d79d79000 DEOPT UNPACKING pc=0x0000015d0004a95e sp=0x0000001a607f6730 mode 0
Event: 150.167 Thread 0x0000015d79d79000 DEOPT PACKING pc=0x0000015d019963b1 sp=0x0000001a607f7d70
Event: 150.167 Thread 0x0000015d79d79000 DEOPT UNPACKING pc=0x0000015d0004a95e sp=0x0000001a607f7238 mode 0
Event: 150.859 Thread 0x0000015d7a705000 DEOPT PACKING pc=0x0000015d00e34bf1 sp=0x0000001a64df9f30
Event: 150.859 Thread 0x0000015d7a705000 DEOPT UNPACKING pc=0x0000015d0004a95e sp=0x0000001a64df9448 mode 0
Event: 151.099 Thread 0x0000015d7a705000 Uncommon trap: trap_request=0xffffff4d fr.pc=0x0000015d080bfb68 relative=0x0000000000000928
Event: 151.099 Thread 0x0000015d7a705000 Uncommon trap: reason=unstable_if action=reinterpret pc=0x0000015d080bfb68 method=org.gradle.internal.snapshot.VfsRelativePath.compareToFirstSegment(Ljava/lang/String;Lorg/gradle/internal/snapshot/CaseSensitivity;)I @ 156 c2
Event: 151.099 Thread 0x0000015d7a705000 DEOPT PACKING pc=0x0000015d080bfb68 sp=0x0000001a64dfa970
Event: 151.099 Thread 0x0000015d7a705000 DEOPT UNPACKING pc=0x0000015d0004a1af sp=0x0000001a64dfa7b0 mode 2

Classes redefined (0 events):
No events

Internal exceptions (20 events):
Event: 60.653 Thread 0x0000015d1215e000 Exception <a 'sun/nio/fs/WindowsException'{0x000000008b411a58}> (0x000000008b411a58) thrown at [src/hotspot/share/prims/jni.cpp, line 617]
Event: 60.661 Thread 0x0000015d1215e000 Implicit null exception at 0x0000015d08101074 to 0x0000015d08103718
Event: 60.783 Thread 0x0000015d1215e000 Exception <a 'java/lang/NoSuchMethodError'{0x000000008b4cc5d8}: 'java.lang.Object java.lang.invoke.DirectMethodHandle$Holder.invokeStatic(java.lang.Object, java.lang.Object, java.lang.Object, java.lang.Object, java.lang.Object, int, java.lang.Object)'> (0x000000008b4cc5d8) thrown at [src/hotspot/share/interpreter/linkResolver.cpp, line 773]
Event: 60.784 Thread 0x0000015d1215e000 Exception <a 'java/lang/NoSuchMethodError'{0x000000008b4d3f60}: 'java.lang.Object java.lang.invoke.Invokers$Holder.linkToTargetMethod(java.lang.Object, java.lang.Object, java.lang.Object, java.lang.Object, int, java.lang.Object, java.lang.Object)'> (0x000000008b4d3f60) thrown at [src/hotspot/share/interpreter/linkResolver.cpp, line 773]
Event: 60.923 Thread 0x0000015d1215e000 Exception <a 'java/lang/NoSuchMethodError'{0x000000008b0e25c8}: 'java.lang.Object java.lang.invoke.DirectMethodHandle$Holder.invokeSpecial(java.lang.Object, java.lang.Object, java.lang.Object, java.lang.Object, java.lang.Object, java.lang.Object, java.lang.Object, int, java.lang.Object)'> (0x000000008b0e25c8) thrown at [src/hotspot/share/interpreter/linkResolver.cpp, line 773]
Event: 60.924 Thread 0x0000015d1215e000 Exception <a 'java/lang/NoSuchMethodError'{0x000000008b0ebee8}: 'java.lang.Object java.lang.invoke.DirectMethodHandle$Holder.invokeStatic(java.lang.Object, java.lang.Object, java.lang.Object, java.lang.Object, java.lang.Object, java.lang.Object, java.lang.Object, int)'> (0x000000008b0ebee8) thrown at [src/hotspot/share/interpreter/linkResolver.cpp, line 773]
Event: 60.924 Thread 0x0000015d1215e000 Exception <a 'java/lang/NoSuchMethodError'{0x000000008b0f0418}: 'java.lang.Object java.lang.invoke.DirectMethodHandle$Holder.invokeSpecial(java.lang.Object, java.lang.Object, java.lang.Object, java.lang.Object, java.lang.Object, java.lang.Object, java.lang.Object, java.lang.Object, int)'> (0x000000008b0f0418) thrown at [src/hotspot/share/interpreter/linkResolver.cpp, line 773]
Event: 60.924 Thread 0x0000015d1215e000 Exception <a 'java/lang/NoSuchMethodError'{0x000000008b0f4220}: 'java.lang.Object java.lang.invoke.Invokers$Holder.linkToTargetMethod(java.lang.Object, java.lang.Object, java.lang.Object, java.lang.Object, java.lang.Object, java.lang.Object, int, java.lang.Object)'> (0x000000008b0f4220) thrown at [src/hotspot/share/interpreter/linkResolver.cpp, line 773]
Event: 61.377 Thread 0x0000015d1215e000 Exception <a 'java/lang/NoSuchMethodError'{0x000000008c3ed550}: 'java.lang.Object java.lang.invoke.DirectMethodHandle$Holder.invokeVirtual(java.lang.Object, java.lang.Object, int)'> (0x000000008c3ed550) thrown at [src/hotspot/share/interpreter/linkResolver.cpp, line 773]
Event: 61.529 Thread 0x0000015d79d79000 Exception <a 'sun/nio/fs/WindowsException'{0x000000008c17e1c0}> (0x000000008c17e1c0) thrown at [src/hotspot/share/prims/jni.cpp, line 617]
Event: 61.546 Thread 0x0000015d7bac6000 Exception <a 'sun/nio/fs/WindowsException'{0x000000008c0353c0}> (0x000000008c0353c0) thrown at [src/hotspot/share/prims/jni.cpp, line 617]
Event: 61.546 Thread 0x0000015d7bac6000 Exception <a 'sun/nio/fs/WindowsException'{0x000000008c035448}> (0x000000008c035448) thrown at [src/hotspot/share/prims/jni.cpp, line 617]
Event: 61.546 Thread 0x0000015d7bac6000 Exception <a 'sun/nio/fs/WindowsException'{0x000000008c036d50}> (0x000000008c036d50) thrown at [src/hotspot/share/prims/jni.cpp, line 617]
Event: 149.880 Thread 0x0000015d79d79000 Exception <a 'sun/nio/fs/WindowsException'{0x0000000088e79d90}> (0x0000000088e79d90) thrown at [src/hotspot/share/prims/jni.cpp, line 617]
Event: 150.484 Thread 0x0000015d79d79000 Exception <a 'sun/nio/fs/WindowsException'{0x000000008be81998}> (0x000000008be81998) thrown at [src/hotspot/share/prims/jni.cpp, line 617]
Event: 150.502 Thread 0x0000015d79d79000 Exception <a 'sun/nio/fs/WindowsException'{0x000000008bd247c0}> (0x000000008bd247c0) thrown at [src/hotspot/share/prims/jni.cpp, line 617]
Event: 150.502 Thread 0x0000015d79d79000 Exception <a 'sun/nio/fs/WindowsException'{0x000000008bd25b38}> (0x000000008bd25b38) thrown at [src/hotspot/share/prims/jni.cpp, line 617]
Event: 150.502 Thread 0x0000015d79d79000 Exception <a 'sun/nio/fs/WindowsException'{0x000000008bd26f00}> (0x000000008bd26f00) thrown at [src/hotspot/share/prims/jni.cpp, line 617]
Event: 150.503 Thread 0x0000015d79d79000 Exception <a 'sun/nio/fs/WindowsException'{0x000000008bd282c8}> (0x000000008bd282c8) thrown at [src/hotspot/share/prims/jni.cpp, line 617]
Event: 150.693 Thread 0x0000015d79d79000 Exception <a 'sun/nio/fs/WindowsException'{0x000000008b8bdcd8}> (0x000000008b8bdcd8) thrown at [src/hotspot/share/prims/jni.cpp, line 617]

Events (20 events):
Event: 150.825 Executing VM operation: RevokeBias
Event: 150.825 Executing VM operation: RevokeBias done
Event: 150.828 Executing VM operation: RevokeBias
Event: 150.828 Executing VM operation: RevokeBias done
Event: 150.834 Executing VM operation: RevokeBias
Event: 150.834 Executing VM operation: RevokeBias done
Event: 150.849 Executing VM operation: RevokeBias
Event: 150.850 Executing VM operation: RevokeBias done
Event: 150.852 Executing VM operation: RevokeBias
Event: 150.853 Executing VM operation: RevokeBias done
Event: 150.853 Executing VM operation: RevokeBias
Event: 150.853 Executing VM operation: RevokeBias done
Event: 150.854 Executing VM operation: RevokeBias
Event: 150.854 Executing VM operation: RevokeBias done
Event: 150.856 Executing VM operation: RevokeBias
Event: 150.856 Executing VM operation: RevokeBias done
Event: 150.861 Executing VM operation: RevokeBias
Event: 150.862 Executing VM operation: RevokeBias done
Event: 150.925 Executing VM operation: RevokeBias
Event: 150.925 Executing VM operation: RevokeBias done


Dynamic libraries:
0x00007ff641cd0000 - 0x00007ff641cda000 	C:\Program Files\Android\Android Studio\jbr\bin\java.exe
0x00007ffff3a50000 - 0x00007ffff3c48000 	C:\Windows\SYSTEM32\ntdll.dll
0x00007ffff3790000 - 0x00007ffff384f000 	C:\Windows\System32\KERNEL32.DLL
0x00007ffff1160000 - 0x00007ffff143a000 	C:\Windows\System32\KERNELBASE.dll
0x00007ffff1770000 - 0x00007ffff1870000 	C:\Windows\System32\ucrtbase.dll
0x00007fffe4200000 - 0x00007fffe421b000 	C:\Program Files\Android\Android Studio\jbr\bin\VCRUNTIME140.dll
0x00007fffd11a0000 - 0x00007fffd11b7000 	C:\Program Files\Android\Android Studio\jbr\bin\jli.dll
0x00007ffff26d0000 - 0x00007ffff286d000 	C:\Windows\System32\USER32.dll
0x00007ffff1440000 - 0x00007ffff1462000 	C:\Windows\System32\win32u.dll
0x00007ffff1e70000 - 0x00007ffff1e9b000 	C:\Windows\System32\GDI32.dll
0x00007fffe2eb0000 - 0x00007fffe314a000 	C:\Windows\WinSxS\amd64_microsoft.windows.common-controls_6595b64144ccf1df_6.0.19041.1110_none_60b5254171f9507e\COMCTL32.dll
0x00007ffff1970000 - 0x00007ffff1a80000 	C:\Windows\System32\gdi32full.dll
0x00007ffff2370000 - 0x00007ffff240e000 	C:\Windows\System32\msvcrt.dll
0x00007ffff1500000 - 0x00007ffff159d000 	C:\Windows\System32\msvcp_win.dll
0x00007ffff2aa0000 - 0x00007ffff2ad0000 	C:\Windows\System32\IMM32.DLL
0x00007fffe40c0000 - 0x00007fffe40cc000 	C:\Program Files\Android\Android Studio\jbr\bin\vcruntime140_1.dll
0x00007fffb8280000 - 0x00007fffb830d000 	C:\Program Files\Android\Android Studio\jbr\bin\msvcp140.dll
0x00007fffb0780000 - 0x00007fffb133c000 	C:\Program Files\Android\Android Studio\jbr\bin\server\jvm.dll
0x00007ffff2950000 - 0x00007ffff29fe000 	C:\Windows\System32\ADVAPI32.dll
0x00007ffff2a00000 - 0x00007ffff2a9c000 	C:\Windows\System32\sechost.dll
0x00007ffff1c90000 - 0x00007ffff1db6000 	C:\Windows\System32\RPCRT4.dll
0x00007ffff2ad0000 - 0x00007ffff2ad8000 	C:\Windows\System32\PSAPI.DLL
0x00007fffe41f0000 - 0x00007fffe41f9000 	C:\Windows\SYSTEM32\WSOCK32.dll
0x00007ffff3640000 - 0x00007ffff36ab000 	C:\Windows\System32\WS2_32.dll
0x00007fffe3150000 - 0x00007fffe3177000 	C:\Windows\SYSTEM32\WINMM.dll
0x00007fffe17b0000 - 0x00007fffe17ba000 	C:\Windows\SYSTEM32\VERSION.dll
0x00007fffef020000 - 0x00007fffef032000 	C:\Windows\SYSTEM32\kernel.appcore.dll
0x00007fffe4080000 - 0x00007fffe4090000 	C:\Program Files\Android\Android Studio\jbr\bin\verify.dll
0x00007fffdd3d0000 - 0x00007fffdd5b4000 	C:\Windows\SYSTEM32\DBGHELP.DLL
0x00007fffdd390000 - 0x00007fffdd3c4000 	C:\Windows\SYSTEM32\dbgcore.DLL
0x00007ffff1470000 - 0x00007ffff14f2000 	C:\Windows\System32\bcryptPrimitives.dll
0x00007fffd8bc0000 - 0x00007fffd8be8000 	C:\Program Files\Android\Android Studio\jbr\bin\java.dll
0x00007fffe4070000 - 0x00007fffe407a000 	C:\Program Files\Android\Android Studio\jbr\bin\jimage.dll
0x00007fffd8ba0000 - 0x00007fffd8bb8000 	C:\Program Files\Android\Android Studio\jbr\bin\zip.dll
0x00007ffff2ef0000 - 0x00007ffff3634000 	C:\Windows\System32\SHELL32.dll
0x00007fffef220000 - 0x00007fffef9b3000 	C:\Windows\SYSTEM32\windows.storage.dll
0x00007ffff2b90000 - 0x00007ffff2ee4000 	C:\Windows\System32\combase.dll
0x00007ffff0ae0000 - 0x00007ffff0b0e000 	C:\Windows\SYSTEM32\Wldp.dll
0x00007ffff1dc0000 - 0x00007ffff1e6d000 	C:\Windows\System32\SHCORE.dll
0x00007ffff3850000 - 0x00007ffff38a5000 	C:\Windows\System32\shlwapi.dll
0x00007ffff10a0000 - 0x00007ffff10bf000 	C:\Windows\SYSTEM32\profapi.dll
0x00007fffd8470000 - 0x00007fffd8489000 	C:\Program Files\Android\Android Studio\jbr\bin\net.dll
0x00007fffe4c50000 - 0x00007fffe4d5a000 	C:\Windows\SYSTEM32\WINHTTP.dll
0x00007ffff0840000 - 0x00007ffff08aa000 	C:\Windows\system32\mswsock.dll
0x00007fffd8450000 - 0x00007fffd8463000 	C:\Program Files\Android\Android Studio\jbr\bin\nio.dll
0x00007fffd0a50000 - 0x00007fffd0a77000 	C:\Users\Dell\.gradle\native\e1d6ef7f7dcc3fd88c89a11ec53ec762bb8ba0a96d01ffa2cd45eb1d1d8dd5c5\windows-amd64\native-platform.dll
0x00007fffb4580000 - 0x00007fffb46c4000 	C:\Users\Dell\.gradle\native\0d407fdbe67a94daf76414ababcb853783967236a71b16ec16e742cd7a986fd3\windows-amd64\native-platform-file-events.dll
0x00007fffe3f70000 - 0x00007fffe3f7a000 	C:\Program Files\Android\Android Studio\jbr\bin\management.dll
0x00007fffe2cc0000 - 0x00007fffe2ccb000 	C:\Program Files\Android\Android Studio\jbr\bin\management_ext.dll
0x00007ffff0a30000 - 0x00007ffff0a48000 	C:\Windows\SYSTEM32\CRYPTSP.dll
0x00007ffff0160000 - 0x00007ffff0194000 	C:\Windows\system32\rsaenh.dll
0x00007ffff1a80000 - 0x00007ffff1aa7000 	C:\Windows\System32\bcrypt.dll
0x00007ffff1020000 - 0x00007ffff104e000 	C:\Windows\SYSTEM32\USERENV.dll
0x00007ffff0a50000 - 0x00007ffff0a5c000 	C:\Windows\SYSTEM32\CRYPTBASE.dll
0x00007ffff0530000 - 0x00007ffff056c000 	C:\Windows\SYSTEM32\IPHLPAPI.DLL
0x00007ffff2530000 - 0x00007ffff2538000 	C:\Windows\System32\NSI.dll
0x00007fffe7110000 - 0x00007fffe7127000 	C:\Windows\SYSTEM32\dhcpcsvc6.DLL
0x00007fffe7fa0000 - 0x00007fffe7fbd000 	C:\Windows\SYSTEM32\dhcpcsvc.DLL
0x00007ffff0570000 - 0x00007ffff063b000 	C:\Windows\SYSTEM32\DNSAPI.dll
0x00007fffea390000 - 0x00007fffea3ae000 	C:\Users\Dell\AppData\Local\Temp\native-platform16911027821133717959dir\native-platform.dll
0x00007fffea380000 - 0x00007fffea387000 	C:\Program Files\Android\Android Studio\jbr\bin\rmi.dll
0x00007fffd13e0000 - 0x00007fffd1407000 	C:\Program Files\Android\Android Studio\jbr\bin\sunec.dll

dbghelp: loaded successfully - version: 4.0.5 - missing functions: none
symbol engine: initialized successfully - sym options: 0x614 - pdb path: .;C:\Program Files\Android\Android Studio\jbr\bin;C:\Windows\SYSTEM32;C:\Windows\WinSxS\amd64_microsoft.windows.common-controls_6595b64144ccf1df_6.0.19041.1110_none_60b5254171f9507e;C:\Program Files\Android\Android Studio\jbr\bin\server;C:\Users\Dell\.gradle\native\e1d6ef7f7dcc3fd88c89a11ec53ec762bb8ba0a96d01ffa2cd45eb1d1d8dd5c5\windows-amd64;C:\Users\Dell\.gradle\native\0d407fdbe67a94daf76414ababcb853783967236a71b16ec16e742cd7a986fd3\windows-amd64;C:\Users\Dell\AppData\Local\Temp\native-platform16911027821133717959dir

VM Arguments:
jvm_args: --add-opens=java.base/java.util=ALL-UNNAMED --add-opens=java.base/java.lang=ALL-UNNAMED --add-opens=java.base/java.lang.invoke=ALL-UNNAMED --add-opens=java.base/java.util=ALL-UNNAMED --add-opens=java.prefs/java.util.prefs=ALL-UNNAMED --add-opens=java.prefs/java.util.prefs=ALL-UNNAMED --add-opens=java.base/java.nio.charset=ALL-UNNAMED --add-opens=java.base/java.net=ALL-UNNAMED --add-opens=java.base/java.util.concurrent.atomic=ALL-UNNAMED -Xmx2048m -Dfile.encoding=UTF-8 -Duser.country=IN -Duser.language=en -Duser.variant 
java_command: org.gradle.launcher.daemon.bootstrap.GradleDaemon 7.5
java_class_path (initial): C:\Users\Dell\.gradle\wrapper\dists\gradle-7.5-bin\f1w0cc9nuo0eivz97x2xlu9sv\gradle-7.5\lib\gradle-launcher-7.5.jar
Launcher Type: SUN_STANDARD

[Global flags]
     intx CICompilerCount                          = 3                                         {product} {ergonomic}
     uint ConcGCThreads                            = 1                                         {product} {ergonomic}
     uint G1ConcRefinementThreads                  = 4                                         {product} {ergonomic}
   size_t G1HeapRegionSize                         = 1048576                                   {product} {ergonomic}
    uintx GCDrainStackTargetSize                   = 64                                        {product} {ergonomic}
   size_t InitialHeapSize                          = 98566144                                  {product} {ergonomic}
   size_t MarkStackSize                            = 4194304                                   {product} {ergonomic}
   size_t MaxHeapSize                              = 2147483648                                {product} {command line}
   size_t MaxNewSize                               = 1287651328                                {product} {ergonomic}
   size_t MinHeapDeltaBytes                        = 1048576                                   {product} {ergonomic}
    uintx NonNMethodCodeHeapSize                   = 5830732                                {pd product} {ergonomic}
    uintx NonProfiledCodeHeapSize                  = 122913754                              {pd product} {ergonomic}
    uintx ProfiledCodeHeapSize                     = 122913754                              {pd product} {ergonomic}
    uintx ReservedCodeCacheSize                    = 251658240                              {pd product} {ergonomic}
     bool SegmentedCodeCache                       = true                                      {product} {ergonomic}
     bool UseCompressedClassPointers               = true                                 {lp64_product} {ergonomic}
     bool UseCompressedOops                        = true                                 {lp64_product} {ergonomic}
     bool UseG1GC                                  = true                                      {product} {ergonomic}
     bool UseLargePagesIndividualAllocation        = false                                  {pd product} {ergonomic}

Logging:
Log output configuration:
 #0: stdout all=warning uptime,level,tags
 #1: stderr all=off uptime,level,tags

Environment Variables:
PATH=C:\Windows\system32;C:\Windows;C:\Windows\System32\Wbem;C:\Windows\System32\WindowsPowerShell\v1.0\;C:\Windows\System32\OpenSSH\;C:\Users\Dell\AppData\Local\Programs\Python\Python310\Scripts\;C:\Users\Dell\AppData\Local\Programs\Python\Python310\;C:\Users\Dell\AppData\Local\Microsoft\WindowsApps;
USERNAME=Dell
OS=Windows_NT
PROCESSOR_IDENTIFIER=Intel64 Family 6 Model 42 Stepping 7, GenuineIntel



---------------  S Y S T E M  ---------------

OS: Windows 10 , 64 bit Build 19041 (10.0.19041.2788)
OS uptime: 11 days 12:23 hours

CPU:total 4 (initial active 4) (2 cores per cpu, 2 threads per core) family 6 model 42 stepping 7 microcode 0x2f, cmov, cx8, fxsr, mmx, sse, sse2, sse3, ssse3, sse4.1, sse4.2, popcnt, avx, clmul, ht, tsc, tscinvbit

Memory: 4k page, system-wide physical 6007M (792M free)
TotalPageFile size 7671M (AvailPageFile size 2385M)
current process WorkingSet (physical memory assigned to process): 526M, peak: 529M
current process commit charge ("private bytes"): 553M, peak: 559M

vm_info: OpenJDK 64-Bit Server VM (11.0.15+0-b2043.56-9505619) for windows-amd64 JRE (11.0.15+0-b2043.56-9505619), built on Jan 19 2023 02:48:00 by "builduser" with unknown MS VC++:1929

END.
